[I] DCASE 2017::Acoustic Scene Classification / Baseline System
[I] 
[I] Initialize [Development setup][folds]
[I] ==================================================
[I] 
[I]   System              
[I]     Name                 : DCASE 2017::Acoustic Scene Classification / Baseline System
[I]     Parameter set        : C_9_09
[I]     Setup                : Python[3.6.2], Numpy[1.13.3], sklearn[0.19.1], Keras[2.1.1], Theano[0.9.0], Librosa[0.5.1]
[I]   Dataset             
[I]     Name                 : TUT-acoustic-scenes-2017-development
[I]     Active folds         : [1, 2, 3, 4]
[I]   Evaluator           
[I]     Save path            : ../applications/system/task1/evaluator
[I]   DONE     [0:00:00.351959 ] 
[I] 
[I] Feature extractor
[I] ==================================================
[I] 
[I]   DONE     [0:00:04.452680 ] [4680 items] 
[I] 
[I] Feature normalizer
[I] ==================================================
[I] 
[I]   DONE     [0:00:29.946748 ] 
[I] 
[I] System training
[I] ==================================================
[I] 
[D]   Validation set statistics
[D]   Scene label          | Validation amount (%) 
[D]   -------------------- + -------------------- 
[D]   beach                | 12.82 
[D]   bus                  | 10.26 
[D]   cafe/restaurant      | 12.82 
[D]   car                  | 12.82 
[D]   city_center          | 12.82 
[D]   forest_path          | 11.54 
[D]   grocery_store        | 12.82 
[D]   home                 | 15.38 
[D]   library              | 14.10 
[D]   metro_station        | 10.26 
[D]   office               | 10.26 
[D]   park                 | 14.10 
[D]   residential_area     | 12.82 
[D]   train                | 10.26 
[D]   tram                 | 12.82 
[D]   
[D]   Training items 	[1540575]
[D]   Validation items 	[217935]
[D]   Keras
[D]     Backend 	[tensorflow]
[D]     BLAS library	[MKL]		(Threads[4], MKL_CBWR[COMPATIBLE])
[D]   Tensorflow
[D]     Device 		[gpu]
[D]   
Using TensorFlow backend.
[D]   Model summary
[D]     Layer type      | Output               | Param   | Name                   | Connected to                | Activ.  | Init   
[D]     --------------- + -------------------- + ------  + ---------------------  + --------------------------- + ------- + ------
[D]     Dense           | (None, 50)           | 10050   | dense_1                | dense_1_input[0][0]         | relu    | uniform
[D]     Dropout         | (None, 50)           | 0       | dropout_1              | dense_1[0][0]               | ---     | ---    
[D]     Dense           | (None, 50)           | 2550    | dense_2                | dropout_1[0][0]             | relu    | uniform
[D]     Dropout         | (None, 50)           | 0       | dropout_2              | dense_2[0][0]               | ---     | ---    
[D]     Dense           | (None, 15)           | 765     | dense_3                | dropout_2[0][0]             | softmax | uniform
[D]   
[D]   Parameters
[D]     Trainable	[13,365]
[D]     Non-Trainable	[0]
[D]     Total		[13,365]
[D]   
[D]   Feature vector 	[200]
[D]   Batch size 	[256]
[D]   Epochs 		[200]
2017-12-02 17:06:51.182381: I tensorflow/core/platform/cpu_feature_guard.cc:137] Your CPU supports instructions that this TensorFlow binary was not compiled to use: SSE4.1 SSE4.2 AVX AVX2 FMA
2017-12-02 17:06:51.782431: I tensorflow/core/common_runtime/gpu/gpu_device.cc:1030] Found device 0 with properties: 
name: Tesla K20m major: 3 minor: 5 memoryClockRate(GHz): 0.758
pciBusID: 0000:02:00.0
totalMemory: 4.66GiB freeMemory: 4.59GiB
2017-12-02 17:06:52.166147: I tensorflow/core/common_runtime/gpu/gpu_device.cc:1030] Found device 1 with properties: 
name: Tesla K20m major: 3 minor: 5 memoryClockRate(GHz): 0.758
pciBusID: 0000:05:00.0
totalMemory: 4.66GiB freeMemory: 4.59GiB
2017-12-02 17:06:52.170421: I tensorflow/core/common_runtime/gpu/gpu_device.cc:1045] Device peer to peer matrix
2017-12-02 17:06:52.170786: I tensorflow/core/common_runtime/gpu/gpu_device.cc:1051] DMA: 0 1 
2017-12-02 17:06:52.170797: I tensorflow/core/common_runtime/gpu/gpu_device.cc:1061] 0:   Y Y 
2017-12-02 17:06:52.170802: I tensorflow/core/common_runtime/gpu/gpu_device.cc:1061] 1:   Y Y 
2017-12-02 17:06:52.170818: I tensorflow/core/common_runtime/gpu/gpu_device.cc:1120] Creating TensorFlow device (/device:GPU:0) -> (device: 0, name: Tesla K20m, pci bus id: 0000:02:00.0, compute capability: 3.5)
2017-12-02 17:06:52.170825: I tensorflow/core/common_runtime/gpu/gpu_device.cc:1120] Creating TensorFlow device (/device:GPU:1) -> (device: 1, name: Tesla K20m, pci bus id: 0000:05:00.0, compute capability: 3.5)
[D]   Validation set statistics
[D]   Scene label          | Validation amount (%) 
[D]   -------------------- + -------------------- 
[D]   beach                | 11.54 
[D]   bus                  | 10.26 
[D]   cafe/restaurant      | 11.54 
[D]   car                  | 10.26 
[D]   city_center          | 12.82 
[D]   forest_path          | 10.26 
[D]   grocery_store        | 11.54 
[D]   home                 | 10.39 
[D]   library              | 15.38 
[D]   metro_station        | 10.26 
[D]   office               | 10.26 
[D]   park                 | 11.54 
[D]   residential_area     | 11.54 
[D]   train                | 10.26 
[D]   tram                 | 10.26 
[D]   
[D]   Training items 	[1560114]
[D]   Validation items 	[196893]
[D]   Keras
[D]     Backend 	[tensorflow]
[D]     BLAS library	[MKL]		(Threads[4], MKL_CBWR[COMPATIBLE])
[D]   Tensorflow
[D]     Device 		[gpu]
[D]   
[D]   Model summary
[D]     Layer type      | Output               | Param   | Name                   | Connected to                | Activ.  | Init   
[D]     --------------- + -------------------- + ------  + ---------------------  + --------------------------- + ------- + ------
[D]     Dense           | (None, 50)           | 10050   | dense_4                | dense_4_input[0][0]         | relu    | uniform
[D]     Dropout         | (None, 50)           | 0       | dropout_3              | dense_4[0][0]               | ---     | ---    
[D]     Dense           | (None, 50)           | 2550    | dense_5                | dropout_3[0][0]             | relu    | uniform
[D]     Dropout         | (None, 50)           | 0       | dropout_4              | dense_5[0][0]               | ---     | ---    
[D]     Dense           | (None, 15)           | 765     | dense_6                | dropout_4[0][0]             | softmax | uniform
[D]   
[D]   Parameters
[D]     Trainable	[13,365]
[D]     Non-Trainable	[0]
[D]     Total		[13,365]
[D]   
[D]   Feature vector 	[200]
[D]   Batch size 	[256]
[D]   Epochs 		[200]
[D]   Validation set statistics
[D]   Scene label          | Validation amount (%) 
[D]   -------------------- + -------------------- 
[D]   beach                | 11.54 
[D]   bus                  | 10.26 
[D]   cafe/restaurant      | 11.54 
[D]   car                  | 10.26 
[D]   city_center          | 14.10 
[D]   forest_path          | 10.26 
[D]   grocery_store        | 11.54 
[D]   home                 | 10.39 
[D]   library              | 14.10 
[D]   metro_station        | 10.26 
[D]   office               | 10.26 
[D]   park                 | 11.54 
[D]   residential_area     | 11.54 
[D]   train                | 10.26 
[D]   tram                 | 10.26 
[D]   
[D]   Training items 	[1560114]
[D]   Validation items 	[196893]
[D]   Keras
[D]     Backend 	[tensorflow]
[D]     BLAS library	[MKL]		(Threads[4], MKL_CBWR[COMPATIBLE])
[D]   Tensorflow
[D]     Device 		[gpu]
[D]   
[D]   Model summary
[D]     Layer type      | Output               | Param   | Name                   | Connected to                | Activ.  | Init   
[D]     --------------- + -------------------- + ------  + ---------------------  + --------------------------- + ------- + ------
[D]     Dense           | (None, 50)           | 10050   | dense_7                | dense_7_input[0][0]         | relu    | uniform
[D]     Dropout         | (None, 50)           | 0       | dropout_5              | dense_7[0][0]               | ---     | ---    
[D]     Dense           | (None, 50)           | 2550    | dense_8                | dropout_5[0][0]             | relu    | uniform
[D]     Dropout         | (None, 50)           | 0       | dropout_6              | dense_8[0][0]               | ---     | ---    
[D]     Dense           | (None, 15)           | 765     | dense_9                | dropout_6[0][0]             | softmax | uniform
[D]   
[D]   Parameters
[D]     Trainable	[13,365]
[D]     Non-Trainable	[0]
[D]     Total		[13,365]
[D]   
[D]   Feature vector 	[200]
[D]   Batch size 	[256]
[D]   Epochs 		[200]
[D]   Validation set statistics
[D]   Scene label          | Validation amount (%) 
[D]   -------------------- + -------------------- 
[D]   beach                | 11.54 
[D]   bus                  | 10.26 
[D]   cafe/restaurant      | 11.54 
[D]   car                  | 10.26 
[D]   city_center          | 14.10 
[D]   forest_path          | 10.26 
[D]   grocery_store        | 11.54 
[D]   home                 | 10.26 
[D]   library              | 14.10 
[D]   metro_station        | 10.26 
[D]   office               | 10.26 
[D]   park                 | 11.54 
[D]   residential_area     | 11.54 
[D]   train                | 10.26 
[D]   tram                 | 10.26 
[D]   
[D]   Training items 	[1561617]
[D]   Validation items 	[196893]
[D]   Keras
[D]     Backend 	[tensorflow]
[D]     BLAS library	[MKL]		(Threads[4], MKL_CBWR[COMPATIBLE])
[D]   Tensorflow
[D]     Device 		[gpu]
[D]   
[D]   Model summary
[D]     Layer type      | Output               | Param   | Name                   | Connected to                | Activ.  | Init   
[D]     --------------- + -------------------- + ------  + ---------------------  + --------------------------- + ------- + ------
[D]     Dense           | (None, 50)           | 10050   | dense_10               | dense_10_input[0][0]        | relu    | uniform
[D]     Dropout         | (None, 50)           | 0       | dropout_7              | dense_10[0][0]              | ---     | ---    
[D]     Dense           | (None, 50)           | 2550    | dense_11               | dropout_7[0][0]             | relu    | uniform
[D]     Dropout         | (None, 50)           | 0       | dropout_8              | dense_11[0][0]              | ---     | ---    
[D]     Dense           | (None, 15)           | 765     | dense_12               | dropout_8[0][0]             | softmax | uniform
[D]   
[D]   Parameters
[D]     Trainable	[13,365]
[D]     Non-Trainable	[0]
[D]     Total		[13,365]
[D]   
[D]   Feature vector 	[200]
[D]   Batch size 	[256]
[D]   Epochs 		[200]
[I]   DONE     [5:08:48.038248 ] 
[I] 
[I] System testing
[I] ==================================================
[I] 
[I]   DONE     [0:02:27.566823 ] 
[I] 
[I] System evaluation [Development setup][folds]
[I] ==================================================
[I] 
[I]   File-wise evaluation, over 4 folds
[I]      Scene label          | Nref : Nsys | Accuracy |  | Fold1    | Fold2    | Fold3    | Fold4    |
[I]      =====================+======+======+==========+  +==========+==========+==========+==========+
[I]      beach                |  312 :  286 |  74.7 %  |  |  82.1 %  |  60.3 %  |  94.9 %  |  61.5 %  |
[I]      bus                  |  312 :  326 |  84.0 %  |  |  88.5 %  |  75.6 %  |  82.1 %  |  89.7 %  |
[I]      cafe/restaurant      |  312 :  326 |  56.4 %  |  |  43.6 %  |  62.8 %  |  46.2 %  |  73.1 %  |
[I]      car                  |  312 :  297 |  89.7 %  |  |  91.0 %  |  93.6 %  |  74.4 %  | 100.0 %  |
[I]      city_center          |  312 :  374 |  85.9 %  |  |  80.8 %  |  85.9 %  |  84.6 %  |  92.3 %  |
[I]      forest_path          |  312 :  307 |  81.1 %  |  |  88.5 %  |  98.7 %  |  84.6 %  |  52.6 %  |
[I]      grocery_store        |  312 :  269 |  57.1 %  |  |  79.5 %  |  55.1 %  |  55.1 %  |  38.5 %  |
[I]      home                 |  318 :  302 |  70.4 %  |  |  69.2 %  |  65.4 %  |  72.8 %  |  74.4 %  |
[I]      library              |  312 :  220 |  53.8 %  |  |  21.8 %  |  50.0 %  |  91.0 %  |  52.6 %  |
[I]      metro_station        |  312 :  394 |  96.5 %  |  |  92.3 %  |  96.2 %  | 100.0 %  |  97.4 %  |
[I]      office               |  312 :  377 |  99.7 %  |  | 100.0 %  | 100.0 %  | 100.0 %  |  98.7 %  |
[I]      park                 |  312 :  284 |  63.5 %  |  |  82.1 %  |  65.4 %  |  51.3 %  |  55.1 %  |
[I]      residential_area     |  312 :  356 |  67.3 %  |  |  62.8 %  |  62.8 %  |  74.4 %  |  69.2 %  |
[I]      train                |  312 :  140 |  34.3 %  |  |  38.5 %  |  26.9 %  |  33.3 %  |  38.5 %  |
[I]      tram                 |  312 :  428 |  84.3 %  |  |  92.3 %  |  78.2 %  |  80.8 %  |  85.9 %  |
[I]      =====================+======+======+==========+  +==========+==========+==========+==========+
[I]      Overall accuracy     | 4686 : 4686 |  73.2 %  |  |  74.2 %  |  71.8 %  |  75.0 %  |  72.0 %  |
[I]      Average class acc.   |      :      |  73.2 %  |  |  74.2 %  |  71.8 %  |  75.0 %  |  72.0 %  |
[I] 
[I]   DONE     [0:00:03.073570 ] 
[I] 
