[I] DCASE 2017::Acoustic Scene Classification / Baseline System
[I] 
[I] Initialize [Development setup][folds]
[I] ==================================================
[I] 
[I]   System              
[I]     Name                 : DCASE 2017::Acoustic Scene Classification / Baseline System
[I]     Parameter set        : C_3_08
[I]     Setup                : Python[3.6.2], Numpy[1.13.3], sklearn[0.19.1], Keras[2.1.1], Theano[0.9.0], Librosa[0.5.1]
[I]   Dataset             
[I]     Name                 : TUT-acoustic-scenes-2017-development
[I]     Active folds         : [1, 2, 3, 4]
[I]   Evaluator           
[I]     Save path            : ../applications/system/task1/evaluator
[I]   DONE     [0:00:00.486274 ] 
[I] 
[I] Feature extractor
[I] ==================================================
[I] 
[I]   DONE     [0:00:06.125155 ] [4680 items] 
[I] 
[I] Feature normalizer
[I] ==================================================
[I] 
[I]   DONE     [0:00:00.005584 ] 
[I] 
[I] System training
[I] ==================================================
[I] 
[D]   Validation set statistics
[D]   Scene label          | Validation amount (%) 
[D]   -------------------- + -------------------- 
[D]   beach                | 12.82 
[D]   bus                  | 10.26 
[D]   cafe/restaurant      | 12.82 
[D]   car                  | 12.82 
[D]   city_center          | 12.82 
[D]   forest_path          | 11.54 
[D]   grocery_store        | 12.82 
[D]   home                 | 15.38 
[D]   library              | 14.10 
[D]   metro_station        | 10.26 
[D]   office               | 10.26 
[D]   park                 | 14.10 
[D]   residential_area     | 12.82 
[D]   train                | 10.26 
[D]   tram                 | 12.82 
[D]   
[D]   Training items 	[771825]
[D]   Validation items 	[109185]
[D]   Keras
[D]     Backend 	[tensorflow]
[D]     BLAS library	[MKL]		(Threads[4], MKL_CBWR[COMPATIBLE])
[D]   Tensorflow
[D]     Device 		[gpu]
[D]   
Using TensorFlow backend.
[D]   Model summary
[D]     Layer type      | Output               | Param   | Name                   | Connected to                | Activ.  | Init   
[D]     --------------- + -------------------- + ------  + ---------------------  + --------------------------- + ------- + ------
[D]     Dense           | (None, 50)           | 2050    | dense_1                | dense_1_input[0][0]         | relu    | uniform
[D]     Dropout         | (None, 50)           | 0       | dropout_1              | dense_1[0][0]               | ---     | ---    
[D]     Dense           | (None, 50)           | 2550    | dense_2                | dropout_1[0][0]             | relu    | uniform
[D]     Dropout         | (None, 50)           | 0       | dropout_2              | dense_2[0][0]               | ---     | ---    
[D]     Dense           | (None, 15)           | 765     | dense_3                | dropout_2[0][0]             | softmax | uniform
[D]   
[D]   Parameters
[D]     Trainable	[5,365]
[D]     Non-Trainable	[0]
[D]     Total		[5,365]
[D]   
[D]   Feature vector 	[40]
[D]   Batch size 	[256]
[D]   Epochs 		[200]
2017-12-01 07:02:04.619879: I tensorflow/core/platform/cpu_feature_guard.cc:137] Your CPU supports instructions that this TensorFlow binary was not compiled to use: SSE4.1 SSE4.2 AVX
2017-12-01 07:02:04.905241: I tensorflow/core/common_runtime/gpu/gpu_device.cc:1030] Found device 0 with properties: 
name: Tesla K20m major: 3 minor: 5 memoryClockRate(GHz): 0.758
pciBusID: 0000:03:00.0
totalMemory: 4.66GiB freeMemory: 4.59GiB
2017-12-01 07:02:05.125320: I tensorflow/core/common_runtime/gpu/gpu_device.cc:1030] Found device 1 with properties: 
name: Tesla K20m major: 3 minor: 5 memoryClockRate(GHz): 0.758
pciBusID: 0000:83:00.0
totalMemory: 4.66GiB freeMemory: 4.59GiB
2017-12-01 07:02:05.125414: I tensorflow/core/common_runtime/gpu/gpu_device.cc:1045] Device peer to peer matrix
2017-12-01 07:02:05.125441: I tensorflow/core/common_runtime/gpu/gpu_device.cc:1051] DMA: 0 1 
2017-12-01 07:02:05.125450: I tensorflow/core/common_runtime/gpu/gpu_device.cc:1061] 0:   Y N 
2017-12-01 07:02:05.125456: I tensorflow/core/common_runtime/gpu/gpu_device.cc:1061] 1:   N Y 
2017-12-01 07:02:05.125479: I tensorflow/core/common_runtime/gpu/gpu_device.cc:1120] Creating TensorFlow device (/device:GPU:0) -> (device: 0, name: Tesla K20m, pci bus id: 0000:03:00.0, compute capability: 3.5)
2017-12-01 07:02:05.125488: I tensorflow/core/common_runtime/gpu/gpu_device.cc:1120] Creating TensorFlow device (/device:GPU:1) -> (device: 1, name: Tesla K20m, pci bus id: 0000:83:00.0, compute capability: 3.5)
[D]   Validation set statistics
[D]   Scene label          | Validation amount (%) 
[D]   -------------------- + -------------------- 
[D]   beach                | 11.54 
[D]   bus                  | 10.26 
[D]   cafe/restaurant      | 11.54 
[D]   car                  | 10.26 
[D]   city_center          | 12.82 
[D]   forest_path          | 10.26 
[D]   grocery_store        | 11.54 
[D]   home                 | 10.39 
[D]   library              | 15.38 
[D]   metro_station        | 10.26 
[D]   office               | 10.26 
[D]   park                 | 11.54 
[D]   residential_area     | 11.54 
[D]   train                | 10.26 
[D]   tram                 | 10.26 
[D]   
[D]   Training items 	[781614]
[D]   Validation items 	[98643]
[D]   Keras
[D]     Backend 	[tensorflow]
[D]     BLAS library	[MKL]		(Threads[4], MKL_CBWR[COMPATIBLE])
[D]   Tensorflow
[D]     Device 		[gpu]
[D]   
[D]   Model summary
[D]     Layer type      | Output               | Param   | Name                   | Connected to                | Activ.  | Init   
[D]     --------------- + -------------------- + ------  + ---------------------  + --------------------------- + ------- + ------
[D]     Dense           | (None, 50)           | 2050    | dense_4                | dense_4_input[0][0]         | relu    | uniform
[D]     Dropout         | (None, 50)           | 0       | dropout_3              | dense_4[0][0]               | ---     | ---    
[D]     Dense           | (None, 50)           | 2550    | dense_5                | dropout_3[0][0]             | relu    | uniform
[D]     Dropout         | (None, 50)           | 0       | dropout_4              | dense_5[0][0]               | ---     | ---    
[D]     Dense           | (None, 15)           | 765     | dense_6                | dropout_4[0][0]             | softmax | uniform
[D]   
[D]   Parameters
[D]     Trainable	[5,365]
[D]     Non-Trainable	[0]
[D]     Total		[5,365]
[D]   
[D]   Feature vector 	[40]
[D]   Batch size 	[256]
[D]   Epochs 		[200]
[D]   Validation set statistics
[D]   Scene label          | Validation amount (%) 
[D]   -------------------- + -------------------- 
[D]   beach                | 11.54 
[D]   bus                  | 10.26 
[D]   cafe/restaurant      | 11.54 
[D]   car                  | 10.26 
[D]   city_center          | 14.10 
[D]   forest_path          | 10.26 
[D]   grocery_store        | 11.54 
[D]   home                 | 10.39 
[D]   library              | 14.10 
[D]   metro_station        | 10.26 
[D]   office               | 10.26 
[D]   park                 | 11.54 
[D]   residential_area     | 11.54 
[D]   train                | 10.26 
[D]   tram                 | 10.26 
[D]   
[D]   Training items 	[781614]
[D]   Validation items 	[98643]
[D]   Keras
[D]     Backend 	[tensorflow]
[D]     BLAS library	[MKL]		(Threads[4], MKL_CBWR[COMPATIBLE])
[D]   Tensorflow
[D]     Device 		[gpu]
[D]   
[D]   Model summary
[D]     Layer type      | Output               | Param   | Name                   | Connected to                | Activ.  | Init   
[D]     --------------- + -------------------- + ------  + ---------------------  + --------------------------- + ------- + ------
[D]     Dense           | (None, 50)           | 2050    | dense_7                | dense_7_input[0][0]         | relu    | uniform
[D]     Dropout         | (None, 50)           | 0       | dropout_5              | dense_7[0][0]               | ---     | ---    
[D]     Dense           | (None, 50)           | 2550    | dense_8                | dropout_5[0][0]             | relu    | uniform
[D]     Dropout         | (None, 50)           | 0       | dropout_6              | dense_8[0][0]               | ---     | ---    
[D]     Dense           | (None, 15)           | 765     | dense_9                | dropout_6[0][0]             | softmax | uniform
[D]   
[D]   Parameters
[D]     Trainable	[5,365]
[D]     Non-Trainable	[0]
[D]     Total		[5,365]
[D]   
[D]   Feature vector 	[40]
[D]   Batch size 	[256]
[D]   Epochs 		[200]
[D]   Validation set statistics
[D]   Scene label          | Validation amount (%) 
[D]   -------------------- + -------------------- 
[D]   beach                | 11.54 
[D]   bus                  | 10.26 
[D]   cafe/restaurant      | 11.54 
[D]   car                  | 10.26 
[D]   city_center          | 14.10 
[D]   forest_path          | 10.26 
[D]   grocery_store        | 11.54 
[D]   home                 | 10.26 
[D]   library              | 14.10 
[D]   metro_station        | 10.26 
[D]   office               | 10.26 
[D]   park                 | 11.54 
[D]   residential_area     | 11.54 
[D]   train                | 10.26 
[D]   tram                 | 10.26 
[D]   
[D]   Training items 	[782367]
[D]   Validation items 	[98643]
[D]   Keras
[D]     Backend 	[tensorflow]
[D]     BLAS library	[MKL]		(Threads[4], MKL_CBWR[COMPATIBLE])
[D]   Tensorflow
[D]     Device 		[gpu]
[D]   
[D]   Model summary
[D]     Layer type      | Output               | Param   | Name                   | Connected to                | Activ.  | Init   
[D]     --------------- + -------------------- + ------  + ---------------------  + --------------------------- + ------- + ------
[D]     Dense           | (None, 50)           | 2050    | dense_10               | dense_10_input[0][0]        | relu    | uniform
[D]     Dropout         | (None, 50)           | 0       | dropout_7              | dense_10[0][0]              | ---     | ---    
[D]     Dense           | (None, 50)           | 2550    | dense_11               | dropout_7[0][0]             | relu    | uniform
[D]     Dropout         | (None, 50)           | 0       | dropout_8              | dense_11[0][0]              | ---     | ---    
[D]     Dense           | (None, 15)           | 765     | dense_12               | dropout_8[0][0]             | softmax | uniform
[D]   
[D]   Parameters
[D]     Trainable	[5,365]
[D]     Non-Trainable	[0]
[D]     Total		[5,365]
[D]   
[D]   Feature vector 	[40]
[D]   Batch size 	[256]
[D]   Epochs 		[200]
[I]   DONE     [3:10:31.658795 ] 
[I] 
[I] System testing
[I] ==================================================
[I] 
[I]   DONE     [0:00:48.395202 ] 
[I] 
[I] System evaluation [Development setup][folds]
[I] ==================================================
[I] 
[I]   File-wise evaluation, over 4 folds
[I]      Scene label          | Nref : Nsys | Accuracy |  | Fold1    | Fold2    | Fold3    | Fold4    |
[I]      =====================+======+======+==========+  +==========+==========+==========+==========+
[I]      beach                |  312 :  285 |  73.7 %  |  |  80.8 %  |  57.7 %  |  91.0 %  |  65.4 %  |
[I]      bus                  |  312 :  348 |  78.8 %  |  |  79.5 %  |  75.6 %  |  75.6 %  |  84.6 %  |
[I]      cafe/restaurant      |  312 :  333 |  61.2 %  |  |  38.5 %  |  69.2 %  |  62.8 %  |  74.4 %  |
[I]      car                  |  312 :  314 |  92.0 %  |  |  89.7 %  |  96.2 %  |  82.1 %  | 100.0 %  |
[I]      city_center          |  312 :  385 |  87.2 %  |  |  82.1 %  |  84.6 %  |  84.6 %  |  97.4 %  |
[I]      forest_path          |  312 :  319 |  79.8 %  |  |  92.3 %  |  97.4 %  |  80.8 %  |  48.7 %  |
[I]      grocery_store        |  312 :  290 |  62.2 %  |  |  78.2 %  |  59.0 %  |  60.3 %  |  51.3 %  |
[I]      home                 |  318 :  284 |  68.6 %  |  |  53.8 %  |  67.9 %  |  66.7 %  |  85.9 %  |
[I]      library              |  312 :  216 |  48.1 %  |  |  23.1 %  |  28.2 %  |  87.2 %  |  53.8 %  |
[I]      metro_station        |  312 :  381 |  92.6 %  |  |  89.7 %  |  87.2 %  |  97.4 %  |  96.2 %  |
[I]      office               |  312 :  366 |  97.1 %  |  | 100.0 %  |  98.7 %  | 100.0 %  |  89.7 %  |
[I]      park                 |  312 :  324 |  67.0 %  |  |  85.9 %  |  65.4 %  |  55.1 %  |  61.5 %  |
[I]      residential_area     |  312 :  331 |  60.3 %  |  |  56.4 %  |  59.0 %  |  64.1 %  |  61.5 %  |
[I]      train                |  312 :  141 |  34.9 %  |  |  33.3 %  |  26.9 %  |  33.3 %  |  46.2 %  |
[I]      tram                 |  312 :  369 |  77.9 %  |  |  96.2 %  |  62.8 %  |  70.5 %  |  82.1 %  |
[I]      =====================+======+======+==========+  +==========+==========+==========+==========+
[I]      Overall accuracy     | 4686 : 4686 |  72.1 %  |  |  72.0 %  |  69.1 %  |  74.1 %  |  73.2 %  |
[I]      Average class acc.   |      :      |  72.1 %  |  |  72.0 %  |  69.1 %  |  74.1 %  |  73.2 %  |
[I] 
[I]   DONE     [0:00:02.907909 ] 
[I] 
