[I] DCASE 2017::Acoustic Scene Classification / Baseline System
[I] 
[I] Initialize [Development setup][folds]
[I] ==================================================
[I] 
[I]   System              
[I]     Name                 : DCASE 2017::Acoustic Scene Classification / Baseline System
[I]     Parameter set        : SET1
[I]     Setup                : Python[3.6.2], Numpy[1.13.3], sklearn[0.19.1], Keras[2.1.1], Theano[0.9.0], Librosa[0.5.1]
[I]   Dataset             
[I]     Name                 : TUT-acoustic-scenes-2017-development
[I]     Active folds         : [1, 2, 3, 4]
[I]   Evaluator           
[I]     Save path            : applications/system/task1/evaluator
[I]   DONE     [0:00:00.461665 ] 
[I] 
[I] Feature extractor
[I] ==================================================
[I] 
[I]   DONE     [0:00:03.692112 ] [4680 items] 
[I] 
[I] Feature normalizer
[I] ==================================================
[I] 
[I]   DONE     [0:00:00.004304 ] 
[I] 
[I] System training
[I] ==================================================
[I] 
[D]   Validation set statistics
[D]   Scene label          | Validation amount (%) 
[D]   -------------------- + -------------------- 
[D]   beach                | 12.82 
[D]   bus                  | 10.26 
[D]   cafe/restaurant      | 12.82 
[D]   car                  | 12.82 
[D]   city_center          | 12.82 
[D]   forest_path          | 11.54 
[D]   grocery_store        | 12.82 
[D]   home                 | 15.38 
[D]   library              | 14.10 
[D]   metro_station        | 10.26 
[D]   office               | 10.26 
[D]   park                 | 14.10 
[D]   residential_area     | 12.82 
[D]   train                | 10.26 
[D]   tram                 | 12.82 
[D]   
[D]   Training items 	[1540575]
[D]   Validation items 	[217935]
[D]   Keras
[D]     Backend 	[tensorflow]
[D]     BLAS library	[MKL]		(Threads[1], MKL_CBWR[COMPATIBLE])
[D]   Tensorflow
[D]     Device 		[cpu]
[D]   
Using TensorFlow backend.
[D]   Model summary
[D]     Layer type      | Output               | Param   | Name                   | Connected to                | Activ.  | Init   
[D]     --------------- + -------------------- + ------  + ---------------------  + --------------------------- + ------- + ------
[D]     Dense           | (None, 50)           | 2050    | dense_1                | dense_1_input[0][0]         | relu    | uniform
[D]     Dropout         | (None, 50)           | 0       | dropout_1              | dense_1[0][0]               | ---     | ---    
[D]     Dense           | (None, 50)           | 2550    | dense_2                | dropout_1[0][0]             | relu    | uniform
[D]     Dropout         | (None, 50)           | 0       | dropout_2              | dense_2[0][0]               | ---     | ---    
[D]     Dense           | (None, 15)           | 765     | dense_3                | dropout_2[0][0]             | softmax | uniform
[D]   
[D]   Parameters
[D]     Trainable	[5,365]
[D]     Non-Trainable	[0]
[D]     Total		[5,365]
[D]   
[D]   Feature vector 	[40]
[D]   Batch size 	[256]
[D]   Epochs 		[200]
2017-11-28 17:21:37.209165: I tensorflow/core/platform/cpu_feature_guard.cc:137] Your CPU supports instructions that this TensorFlow binary was not compiled to use: SSE4.1 SSE4.2 AVX AVX2 FMA
2017-11-28 17:21:37.246020: E tensorflow/stream_executor/cuda/cuda_driver.cc:406] failed call to cuInit: CUDA_ERROR_NO_DEVICE
2017-11-28 17:21:37.246088: I tensorflow/stream_executor/cuda/cuda_diagnostics.cc:158] retrieving CUDA diagnostic information for host: compute00
2017-11-28 17:21:37.246098: I tensorflow/stream_executor/cuda/cuda_diagnostics.cc:165] hostname: compute00
2017-11-28 17:21:37.246270: I tensorflow/stream_executor/cuda/cuda_diagnostics.cc:189] libcuda reported version is: 375.20.0
2017-11-28 17:21:37.246316: I tensorflow/stream_executor/cuda/cuda_diagnostics.cc:369] driver version file contents: """NVRM version: NVIDIA UNIX x86_64 Kernel Module  375.20  Tue Nov 15 16:49:10 PST 2016
GCC version:  gcc version 4.8.5 20150623 (Red Hat 4.8.5-4) (GCC) 
"""
2017-11-28 17:21:37.246341: I tensorflow/stream_executor/cuda/cuda_diagnostics.cc:193] kernel reported version is: 375.20.0
2017-11-28 17:21:37.246356: I tensorflow/stream_executor/cuda/cuda_diagnostics.cc:300] kernel version seems to match DSO: 375.20.0
[D]   Validation set statistics
[D]   Scene label          | Validation amount (%) 
[D]   -------------------- + -------------------- 
[D]   beach                | 11.54 
[D]   bus                  | 10.26 
[D]   cafe/restaurant      | 11.54 
[D]   car                  | 10.26 
[D]   city_center          | 12.82 
[D]   forest_path          | 10.26 
[D]   grocery_store        | 11.54 
[D]   home                 | 10.39 
[D]   library              | 15.38 
[D]   metro_station        | 10.26 
[D]   office               | 10.26 
[D]   park                 | 11.54 
[D]   residential_area     | 11.54 
[D]   train                | 10.26 
[D]   tram                 | 10.26 
[D]   
[D]   Training items 	[1560114]
[D]   Validation items 	[196893]
[D]   Keras
[D]     Backend 	[tensorflow]
[D]     BLAS library	[MKL]		(Threads[1], MKL_CBWR[COMPATIBLE])
[D]   Tensorflow
[D]     Device 		[cpu]
[D]   
[D]   Model summary
[D]     Layer type      | Output               | Param   | Name                   | Connected to                | Activ.  | Init   
[D]     --------------- + -------------------- + ------  + ---------------------  + --------------------------- + ------- + ------
[D]     Dense           | (None, 50)           | 2050    | dense_4                | dense_4_input[0][0]         | relu    | uniform
[D]     Dropout         | (None, 50)           | 0       | dropout_3              | dense_4[0][0]               | ---     | ---    
[D]     Dense           | (None, 50)           | 2550    | dense_5                | dropout_3[0][0]             | relu    | uniform
[D]     Dropout         | (None, 50)           | 0       | dropout_4              | dense_5[0][0]               | ---     | ---    
[D]     Dense           | (None, 15)           | 765     | dense_6                | dropout_4[0][0]             | softmax | uniform
[D]   
[D]   Parameters
[D]     Trainable	[5,365]
[D]     Non-Trainable	[0]
[D]     Total		[5,365]
[D]   
[D]   Feature vector 	[40]
[D]   Batch size 	[256]
[D]   Epochs 		[200]
[D]   Validation set statistics
[D]   Scene label          | Validation amount (%) 
[D]   -------------------- + -------------------- 
[D]   beach                | 11.54 
[D]   bus                  | 10.26 
[D]   cafe/restaurant      | 11.54 
[D]   car                  | 10.26 
[D]   city_center          | 14.10 
[D]   forest_path          | 10.26 
[D]   grocery_store        | 11.54 
[D]   home                 | 10.39 
[D]   library              | 14.10 
[D]   metro_station        | 10.26 
[D]   office               | 10.26 
[D]   park                 | 11.54 
[D]   residential_area     | 11.54 
[D]   train                | 10.26 
[D]   tram                 | 10.26 
[D]   
[D]   Training items 	[1560114]
[D]   Validation items 	[196893]
[D]   Keras
[D]     Backend 	[tensorflow]
[D]     BLAS library	[MKL]		(Threads[1], MKL_CBWR[COMPATIBLE])
[D]   Tensorflow
[D]     Device 		[cpu]
[D]   
[D]   Model summary
[D]     Layer type      | Output               | Param   | Name                   | Connected to                | Activ.  | Init   
[D]     --------------- + -------------------- + ------  + ---------------------  + --------------------------- + ------- + ------
[D]     Dense           | (None, 50)           | 2050    | dense_7                | dense_7_input[0][0]         | relu    | uniform
[D]     Dropout         | (None, 50)           | 0       | dropout_5              | dense_7[0][0]               | ---     | ---    
[D]     Dense           | (None, 50)           | 2550    | dense_8                | dropout_5[0][0]             | relu    | uniform
[D]     Dropout         | (None, 50)           | 0       | dropout_6              | dense_8[0][0]               | ---     | ---    
[D]     Dense           | (None, 15)           | 765     | dense_9                | dropout_6[0][0]             | softmax | uniform
[D]   
[D]   Parameters
[D]     Trainable	[5,365]
[D]     Non-Trainable	[0]
[D]     Total		[5,365]
[D]   
[D]   Feature vector 	[40]
[D]   Batch size 	[256]
[D]   Epochs 		[200]
[D]   Validation set statistics
[D]   Scene label          | Validation amount (%) 
[D]   -------------------- + -------------------- 
[D]   beach                | 11.54 
[D]   bus                  | 10.26 
[D]   cafe/restaurant      | 11.54 
[D]   car                  | 10.26 
[D]   city_center          | 14.10 
[D]   forest_path          | 10.26 
[D]   grocery_store        | 11.54 
[D]   home                 | 10.26 
[D]   library              | 14.10 
[D]   metro_station        | 10.26 
[D]   office               | 10.26 
[D]   park                 | 11.54 
[D]   residential_area     | 11.54 
[D]   train                | 10.26 
[D]   tram                 | 10.26 
[D]   
[D]   Training items 	[1561617]
[D]   Validation items 	[196893]
[D]   Keras
[D]     Backend 	[tensorflow]
[D]     BLAS library	[MKL]		(Threads[1], MKL_CBWR[COMPATIBLE])
[D]   Tensorflow
[D]     Device 		[cpu]
[D]   
[D]   Model summary
[D]     Layer type      | Output               | Param   | Name                   | Connected to                | Activ.  | Init   
[D]     --------------- + -------------------- + ------  + ---------------------  + --------------------------- + ------- + ------
[D]     Dense           | (None, 50)           | 2050    | dense_10               | dense_10_input[0][0]        | relu    | uniform
[D]     Dropout         | (None, 50)           | 0       | dropout_7              | dense_10[0][0]              | ---     | ---    
[D]     Dense           | (None, 50)           | 2550    | dense_11               | dropout_7[0][0]             | relu    | uniform
[D]     Dropout         | (None, 50)           | 0       | dropout_8              | dense_11[0][0]              | ---     | ---    
[D]     Dense           | (None, 15)           | 765     | dense_12               | dropout_8[0][0]             | softmax | uniform
[D]   
[D]   Parameters
[D]     Trainable	[5,365]
[D]     Non-Trainable	[0]
[D]     Total		[5,365]
[D]   
[D]   Feature vector 	[40]
[D]   Batch size 	[256]
[D]   Epochs 		[200]
slurmstepd: error: *** JOB 17834 ON compute00 CANCELLED AT 2017-11-28T20:21:04 DUE TO TIME LIMIT ***
