[I] DCASE 2017::Acoustic Scene Classification / Baseline System
[I] 
[I] Initialize [Development setup][folds]
[I] ==================================================
[I] 
[I]   System              
[I]     Name                 : DCASE 2017::Acoustic Scene Classification / Baseline System
[I]     Parameter set        : B_00_5
[I]     Setup                : Python[3.6.2], Numpy[1.13.3], sklearn[0.19.1], Keras[2.1.1], Theano[0.9.0], Librosa[0.5.1]
[I]   Dataset             
[I]     Name                 : TUT-acoustic-scenes-2017-development
[I]     Active folds         : [1, 2, 3, 4]
[I]   Evaluator           
[I]     Save path            : applications/system/task1/evaluator
[I]   DONE     [0:00:00.411718 ] 
[I] 
[I] Feature extractor
[I] ==================================================
[I] 
[I]   DONE     [0:00:03.107653 ] [4680 items] 
[I] 
[I] Feature normalizer
[I] ==================================================
[I] 
[I]   DONE     [0:00:00.003244 ] 
[I] 
[I] System training
[I] ==================================================
[I] 
[D]   Validation set statistics
[D]   Scene label          | Validation amount (%) 
[D]   -------------------- + -------------------- 
[D]   beach                | 11.54 
[D]   bus                  | 10.26 
[D]   cafe/restaurant      | 11.54 
[D]   car                  | 10.26 
[D]   city_center          | 14.10 
[D]   forest_path          | 10.26 
[D]   grocery_store        | 11.54 
[D]   home                 | 10.39 
[D]   library              | 14.10 
[D]   metro_station        | 10.26 
[D]   office               | 10.26 
[D]   park                 | 11.54 
[D]   residential_area     | 11.54 
[D]   train                | 10.26 
[D]   tram                 | 10.26 
[D]   
[D]   Training items 	[1560114]
[D]   Validation items 	[196893]
[D]   Keras
[D]     Backend 	[tensorflow]
[D]     BLAS library	[MKL]		(Threads[4], MKL_CBWR[COMPATIBLE])
[D]   Tensorflow
[D]     Device 		[gpu]
[D]   
Using TensorFlow backend.
[D]   Model summary
[D]     Layer type      | Output               | Param   | Name                   | Connected to                | Activ.  | Init   
[D]     --------------- + -------------------- + ------  + ---------------------  + --------------------------- + ------- + ------
[D]     Dense           | (None, 60)           | 2460    | dense_1                | dense_1_input[0][0]         | relu    | uniform
[D]     Dropout         | (None, 60)           | 0       | dropout_1              | dense_1[0][0]               | ---     | ---    
[D]     Dense           | (None, 40)           | 2440    | dense_2                | dropout_1[0][0]             | relu    | uniform
[D]     Dropout         | (None, 40)           | 0       | dropout_2              | dense_2[0][0]               | ---     | ---    
[D]     Dense           | (None, 15)           | 615     | dense_3                | dropout_2[0][0]             | softmax | uniform
[D]   
[D]   Parameters
[D]     Trainable	[5,515]
[D]     Non-Trainable	[0]
[D]     Total		[5,515]
[D]   
[D]   Feature vector 	[40]
[D]   Batch size 	[256]
[D]   Epochs 		[200]
2017-11-28 21:30:24.784113: I tensorflow/core/platform/cpu_feature_guard.cc:137] Your CPU supports instructions that this TensorFlow binary was not compiled to use: SSE4.1 SSE4.2 AVX AVX2 FMA
2017-11-28 21:30:25.056153: I tensorflow/core/common_runtime/gpu/gpu_device.cc:1030] Found device 0 with properties: 
name: Tesla K20m major: 3 minor: 5 memoryClockRate(GHz): 0.758
pciBusID: 0000:02:00.0
totalMemory: 4.66GiB freeMemory: 4.59GiB
2017-11-28 21:30:25.238276: I tensorflow/core/common_runtime/gpu/gpu_device.cc:1030] Found device 1 with properties: 
name: Tesla K20m major: 3 minor: 5 memoryClockRate(GHz): 0.758
pciBusID: 0000:05:00.0
totalMemory: 4.66GiB freeMemory: 4.59GiB
2017-11-28 21:30:25.239263: I tensorflow/core/common_runtime/gpu/gpu_device.cc:1045] Device peer to peer matrix
2017-11-28 21:30:25.239292: I tensorflow/core/common_runtime/gpu/gpu_device.cc:1051] DMA: 0 1 
2017-11-28 21:30:25.239299: I tensorflow/core/common_runtime/gpu/gpu_device.cc:1061] 0:   Y Y 
2017-11-28 21:30:25.239303: I tensorflow/core/common_runtime/gpu/gpu_device.cc:1061] 1:   Y Y 
2017-11-28 21:30:25.239321: I tensorflow/core/common_runtime/gpu/gpu_device.cc:1120] Creating TensorFlow device (/device:GPU:0) -> (device: 0, name: Tesla K20m, pci bus id: 0000:02:00.0, compute capability: 3.5)
2017-11-28 21:30:25.239328: I tensorflow/core/common_runtime/gpu/gpu_device.cc:1120] Creating TensorFlow device (/device:GPU:1) -> (device: 1, name: Tesla K20m, pci bus id: 0000:05:00.0, compute capability: 3.5)
[D]   Validation set statistics
[D]   Scene label          | Validation amount (%) 
[D]   -------------------- + -------------------- 
[D]   beach                | 11.54 
[D]   bus                  | 10.26 
[D]   cafe/restaurant      | 11.54 
[D]   car                  | 10.26 
[D]   city_center          | 14.10 
[D]   forest_path          | 10.26 
[D]   grocery_store        | 11.54 
[D]   home                 | 10.26 
[D]   library              | 14.10 
[D]   metro_station        | 10.26 
[D]   office               | 10.26 
[D]   park                 | 11.54 
[D]   residential_area     | 11.54 
[D]   train                | 10.26 
[D]   tram                 | 10.26 
[D]   
[D]   Training items 	[1561617]
[D]   Validation items 	[196893]
[D]   Keras
[D]     Backend 	[tensorflow]
[D]     BLAS library	[MKL]		(Threads[4], MKL_CBWR[COMPATIBLE])
[D]   Tensorflow
[D]     Device 		[gpu]
[D]   
[D]   Model summary
[D]     Layer type      | Output               | Param   | Name                   | Connected to                | Activ.  | Init   
[D]     --------------- + -------------------- + ------  + ---------------------  + --------------------------- + ------- + ------
[D]     Dense           | (None, 60)           | 2460    | dense_4                | dense_4_input[0][0]         | relu    | uniform
[D]     Dropout         | (None, 60)           | 0       | dropout_3              | dense_4[0][0]               | ---     | ---    
[D]     Dense           | (None, 40)           | 2440    | dense_5                | dropout_3[0][0]             | relu    | uniform
[D]     Dropout         | (None, 40)           | 0       | dropout_4              | dense_5[0][0]               | ---     | ---    
[D]     Dense           | (None, 15)           | 615     | dense_6                | dropout_4[0][0]             | softmax | uniform
[D]   
[D]   Parameters
[D]     Trainable	[5,515]
[D]     Non-Trainable	[0]
[D]     Total		[5,515]
[D]   
[D]   Feature vector 	[40]
[D]   Batch size 	[256]
[D]   Epochs 		[200]
[I]   DONE     [0:10:29.670122 ] 
[I] 
[I] System testing
[I] ==================================================
[I] 
[I]   DONE     [0:01:15.035973 ] 
[I] 
[I] System evaluation [Development setup][folds]
[I] ==================================================
[I] 
[I]   File-wise evaluation, over 4 folds
[I]      Scene label          | Nref : Nsys | Accuracy |  | Fold1    | Fold2    | Fold3    | Fold4    |
[I]      =====================+======+======+==========+  +==========+==========+==========+==========+
[I]      beach                |  312 :  298 |  71.2 %  |  |  71.8 %  |  57.7 %  |  94.9 %  |  60.3 %  |
[I]      bus                  |  312 :  433 |  86.2 %  |  |  84.6 %  |  74.4 %  |  97.4 %  |  88.5 %  |
[I]      cafe/restaurant      |  312 :  365 |  63.8 %  |  |  59.0 %  |  67.9 %  |  53.8 %  |  74.4 %  |
[I]      car                  |  312 :  344 |  94.2 %  |  |  92.3 %  | 100.0 %  |  84.6 %  | 100.0 %  |
[I]      city_center          |  312 :  399 |  88.1 %  |  |  80.8 %  |  91.0 %  |  84.6 %  |  96.2 %  |
[I]      forest_path          |  312 :  335 |  77.6 %  |  |  94.9 %  |  85.9 %  |  80.8 %  |  48.7 %  |
[I]      grocery_store        |  312 :  261 |  52.6 %  |  |  70.5 %  |  38.5 %  |  71.8 %  |  29.5 %  |
[I]      home                 |  318 :  237 |  58.2 %  |  |  43.6 %  |  58.0 %  |  56.8 %  |  74.4 %  |
[I]      library              |  312 :  242 |  53.8 %  |  |  21.8 %  |  59.0 %  |  80.8 %  |  53.8 %  |
[I]      metro_station        |  312 :  396 |  94.2 %  |  |  88.5 %  |  94.9 %  |  96.2 %  |  97.4 %  |
[I]      office               |  312 :  412 |  99.4 %  |  |  98.7 %  | 100.0 %  | 100.0 %  |  98.7 %  |
[I]      park                 |  312 :  254 |  56.1 %  |  |  88.5 %  |  57.7 %  |  34.6 %  |  43.6 %  |
[I]      residential_area     |  312 :  323 |  53.8 %  |  |  44.9 %  |  57.7 %  |  59.0 %  |  53.8 %  |
[I]      train                |  312 :   76 |  19.6 %  |  |   2.6 %  |  28.2 %  |   1.3 %  |  46.2 %  |
[I]      tram                 |  312 :  311 |  65.4 %  |  |  74.4 %  |  55.1 %  |  62.8 %  |  69.2 %  |
[I]      =====================+======+======+==========+  +==========+==========+==========+==========+
[I]      Overall accuracy     | 4686 : 4686 |  68.9 %  |  |  67.8 %  |  68.4 %  |  70.6 %  |  69.0 %  |
[I]      Average class acc.   |      :      |  68.9 %  |  |  67.8 %  |  68.4 %  |  70.6 %  |  69.0 %  |
[I] 
[I]   DONE     [0:00:02.731422 ] 
[I] 
