[I] DCASE 2017::Acoustic Scene Classification / Baseline System
[I] 
[I] Initialize [Development setup][folds]
[I] ==================================================
[I] 
[I]   System              
[I]     Name                 : DCASE 2017::Acoustic Scene Classification / Baseline System
[I]     Parameter set        : B_00_6
[I]     Setup                : Python[3.6.2], Numpy[1.13.3], sklearn[0.19.1], Keras[2.1.1], Theano[0.9.0], Librosa[0.5.1]
[I]   Dataset             
[I]     Name                 : TUT-acoustic-scenes-2017-development
[I]     Active folds         : [1, 2, 3, 4]
[I]   Evaluator           
[I]     Save path            : applications/system/task1/evaluator
[I]   DONE     [0:00:00.482808 ] 
[I] 
[I] Feature extractor
[I] ==================================================
[I] 
[I]   DONE     [0:00:03.906529 ] [4680 items] 
[I] 
[I] Feature normalizer
[I] ==================================================
[I] 
[I]   DONE     [0:00:00.003830 ] 
[I] 
[I] System training
[I] ==================================================
[I] 
[D]   Validation set statistics
[D]   Scene label          | Validation amount (%) 
[D]   -------------------- + -------------------- 
[D]   beach                | 11.54 
[D]   bus                  | 10.26 
[D]   cafe/restaurant      | 11.54 
[D]   car                  | 10.26 
[D]   city_center          | 14.10 
[D]   forest_path          | 10.26 
[D]   grocery_store        | 11.54 
[D]   home                 | 10.39 
[D]   library              | 14.10 
[D]   metro_station        | 10.26 
[D]   office               | 10.26 
[D]   park                 | 11.54 
[D]   residential_area     | 11.54 
[D]   train                | 10.26 
[D]   tram                 | 10.26 
[D]   
[D]   Training items 	[1560114]
[D]   Validation items 	[196893]
[D]   Keras
[D]     Backend 	[tensorflow]
[D]     BLAS library	[MKL]		(Threads[4], MKL_CBWR[COMPATIBLE])
[D]   Tensorflow
[D]     Device 		[gpu]
[D]   
Using TensorFlow backend.
[D]   Model summary
[D]     Layer type      | Output               | Param   | Name                   | Connected to                | Activ.  | Init   
[D]     --------------- + -------------------- + ------  + ---------------------  + --------------------------- + ------- + ------
[D]     Dense           | (None, 60)           | 2460    | dense_1                | dense_1_input[0][0]         | relu    | uniform
[D]     Dropout         | (None, 60)           | 0       | dropout_1              | dense_1[0][0]               | ---     | ---    
[D]     Dense           | (None, 50)           | 3050    | dense_2                | dropout_1[0][0]             | relu    | uniform
[D]     Dropout         | (None, 50)           | 0       | dropout_2              | dense_2[0][0]               | ---     | ---    
[D]     Dense           | (None, 30)           | 1530    | dense_3                | dropout_2[0][0]             | relu    | uniform
[D]     Dense           | (None, 15)           | 465     | dense_4                | dense_3[0][0]               | softmax | uniform
[D]   
[D]   Parameters
[D]     Trainable	[7,505]
[D]     Non-Trainable	[0]
[D]     Total		[7,505]
[D]   
[D]   Feature vector 	[40]
[D]   Batch size 	[256]
[D]   Epochs 		[200]
2017-11-28 21:32:51.731782: I tensorflow/core/platform/cpu_feature_guard.cc:137] Your CPU supports instructions that this TensorFlow binary was not compiled to use: SSE4.1 SSE4.2 AVX
2017-11-28 21:32:52.008501: I tensorflow/core/common_runtime/gpu/gpu_device.cc:1030] Found device 0 with properties: 
name: Tesla K20m major: 3 minor: 5 memoryClockRate(GHz): 0.758
pciBusID: 0000:03:00.0
totalMemory: 4.66GiB freeMemory: 4.59GiB
2017-11-28 21:32:52.224750: I tensorflow/core/common_runtime/gpu/gpu_device.cc:1030] Found device 1 with properties: 
name: Tesla K20m major: 3 minor: 5 memoryClockRate(GHz): 0.758
pciBusID: 0000:83:00.0
totalMemory: 4.66GiB freeMemory: 4.59GiB
2017-11-28 21:32:52.224845: I tensorflow/core/common_runtime/gpu/gpu_device.cc:1045] Device peer to peer matrix
2017-11-28 21:32:52.224874: I tensorflow/core/common_runtime/gpu/gpu_device.cc:1051] DMA: 0 1 
2017-11-28 21:32:52.224891: I tensorflow/core/common_runtime/gpu/gpu_device.cc:1061] 0:   Y N 
2017-11-28 21:32:52.224897: I tensorflow/core/common_runtime/gpu/gpu_device.cc:1061] 1:   N Y 
2017-11-28 21:32:52.224914: I tensorflow/core/common_runtime/gpu/gpu_device.cc:1120] Creating TensorFlow device (/device:GPU:0) -> (device: 0, name: Tesla K20m, pci bus id: 0000:03:00.0, compute capability: 3.5)
2017-11-28 21:32:52.224922: I tensorflow/core/common_runtime/gpu/gpu_device.cc:1120] Creating TensorFlow device (/device:GPU:1) -> (device: 1, name: Tesla K20m, pci bus id: 0000:83:00.0, compute capability: 3.5)
[D]   Validation set statistics
[D]   Scene label          | Validation amount (%) 
[D]   -------------------- + -------------------- 
[D]   beach                | 11.54 
[D]   bus                  | 10.26 
[D]   cafe/restaurant      | 11.54 
[D]   car                  | 10.26 
[D]   city_center          | 14.10 
[D]   forest_path          | 10.26 
[D]   grocery_store        | 11.54 
[D]   home                 | 10.26 
[D]   library              | 14.10 
[D]   metro_station        | 10.26 
[D]   office               | 10.26 
[D]   park                 | 11.54 
[D]   residential_area     | 11.54 
[D]   train                | 10.26 
[D]   tram                 | 10.26 
[D]   
[D]   Training items 	[1561617]
[D]   Validation items 	[196893]
[D]   Keras
[D]     Backend 	[tensorflow]
[D]     BLAS library	[MKL]		(Threads[4], MKL_CBWR[COMPATIBLE])
[D]   Tensorflow
[D]     Device 		[gpu]
[D]   
[D]   Model summary
[D]     Layer type      | Output               | Param   | Name                   | Connected to                | Activ.  | Init   
[D]     --------------- + -------------------- + ------  + ---------------------  + --------------------------- + ------- + ------
[D]     Dense           | (None, 60)           | 2460    | dense_5                | dense_5_input[0][0]         | relu    | uniform
[D]     Dropout         | (None, 60)           | 0       | dropout_3              | dense_5[0][0]               | ---     | ---    
[D]     Dense           | (None, 50)           | 3050    | dense_6                | dropout_3[0][0]             | relu    | uniform
[D]     Dropout         | (None, 50)           | 0       | dropout_4              | dense_6[0][0]               | ---     | ---    
[D]     Dense           | (None, 30)           | 1530    | dense_7                | dropout_4[0][0]             | relu    | uniform
[D]     Dense           | (None, 15)           | 465     | dense_8                | dense_7[0][0]               | softmax | uniform
[D]   
[D]   Parameters
[D]     Trainable	[7,505]
[D]     Non-Trainable	[0]
[D]     Total		[7,505]
[D]   
[D]   Feature vector 	[40]
[D]   Batch size 	[256]
[D]   Epochs 		[200]
[I]   DONE     [0:42:45.629818 ] 
[I] 
[I] System testing
[I] ==================================================
[I] 
[I]   DONE     [0:01:21.927986 ] 
[I] 
[I] System evaluation [Development setup][folds]
[I] ==================================================
[I] 
[I]   File-wise evaluation, over 4 folds
[I]      Scene label          | Nref : Nsys | Accuracy |  | Fold1    | Fold2    | Fold3    | Fold4    |
[I]      =====================+======+======+==========+  +==========+==========+==========+==========+
[I]      beach                |  312 :  302 |  75.6 %  |  |  74.4 %  |  59.0 %  |  94.9 %  |  74.4 %  |
[I]      bus                  |  312 :  447 |  85.6 %  |  |  82.1 %  |  75.6 %  |  96.2 %  |  88.5 %  |
[I]      cafe/restaurant      |  312 :  392 |  66.0 %  |  |  47.4 %  |  71.8 %  |  73.1 %  |  71.8 %  |
[I]      car                  |  312 :  312 |  87.5 %  |  |  91.0 %  | 100.0 %  |  59.0 %  | 100.0 %  |
[I]      city_center          |  312 :  383 |  87.8 %  |  |  85.9 %  |  88.5 %  |  79.5 %  |  97.4 %  |
[I]      forest_path          |  312 :  341 |  74.4 %  |  |  82.1 %  |  85.9 %  |  84.6 %  |  44.9 %  |
[I]      grocery_store        |  312 :  222 |  49.0 %  |  |  69.2 %  |  34.6 %  |  66.7 %  |  25.6 %  |
[I]      home                 |  318 :  218 |  50.9 %  |  |  39.7 %  |  50.6 %  |  54.3 %  |  59.0 %  |
[I]      library              |  312 :  249 |  47.1 %  |  |  23.1 %  |  50.0 %  |  61.5 %  |  53.8 %  |
[I]      metro_station        |  312 :  402 |  92.9 %  |  |  96.2 %  |  98.7 %  |  78.2 %  |  98.7 %  |
[I]      office               |  312 :  379 |  97.1 %  |  |  98.7 %  |  97.4 %  | 100.0 %  |  92.3 %  |
[I]      park                 |  312 :  305 |  56.1 %  |  |  84.6 %  |  59.0 %  |  29.5 %  |  51.3 %  |
[I]      residential_area     |  312 :  332 |  53.8 %  |  |  50.0 %  |  57.7 %  |  64.1 %  |  43.6 %  |
[I]      train                |  312 :  105 |  30.4 %  |  |  24.4 %  |  30.8 %  |  26.9 %  |  39.7 %  |
[I]      tram                 |  312 :  297 |  66.3 %  |  |  84.6 %  |  48.7 %  |  62.8 %  |  69.2 %  |
[I]      =====================+======+======+==========+  +==========+==========+==========+==========+
[I]      Overall accuracy     | 4686 : 4686 |  68.0 %  |  |  68.9 %  |  67.2 %  |  68.7 %  |  67.4 %  |
[I]      Average class acc.   |      :      |  68.1 %  |  |  68.9 %  |  67.2 %  |  68.7 %  |  67.4 %  |
[I] 
[I]   DONE     [0:00:02.926824 ] 
[I] 
