[I] DCASE 2017::Acoustic Scene Classification / Baseline System
[I] 
[I] Initialize [Development setup][folds]
[I] ==================================================
[I] 
[I]   System              
[I]     Name                 : DCASE 2017::Acoustic Scene Classification / Baseline System
[I]     Parameter set        : B_00_8
[I]     Setup                : Python[3.6.2], Numpy[1.13.3], sklearn[0.19.1], Keras[2.1.1], Theano[0.9.0], Librosa[0.5.1]
[I]   Dataset             
[I]     Name                 : TUT-acoustic-scenes-2017-development
[I]     Active folds         : [1, 2, 3, 4]
[I]   Evaluator           
[I]     Save path            : applications/system/task1/evaluator
[I]   DONE     [0:00:00.484493 ] 
[I] 
[I] Feature extractor
[I] ==================================================
[I] 
[I]   DONE     [0:00:02.335471 ] [4680 items] 
[I] 
[I] Feature normalizer
[I] ==================================================
[I] 
[I]   DONE     [0:00:00.004016 ] 
[I] 
[I] System training
[I] ==================================================
[I] 
[D]   Validation set statistics
[D]   Scene label          | Validation amount (%) 
[D]   -------------------- + -------------------- 
[D]   beach                | 12.82 
[D]   bus                  | 10.26 
[D]   cafe/restaurant      | 12.82 
[D]   car                  | 12.82 
[D]   city_center          | 12.82 
[D]   forest_path          | 11.54 
[D]   grocery_store        | 12.82 
[D]   home                 | 15.38 
[D]   library              | 14.10 
[D]   metro_station        | 10.26 
[D]   office               | 10.26 
[D]   park                 | 14.10 
[D]   residential_area     | 12.82 
[D]   train                | 10.26 
[D]   tram                 | 12.82 
[D]   
[D]   Training items 	[1540575]
[D]   Validation items 	[217935]
[D]   Keras
[D]     Backend 	[tensorflow]
[D]     BLAS library	[MKL]		(Threads[4], MKL_CBWR[COMPATIBLE])
[D]   Tensorflow
[D]     Device 		[gpu]
[D]   
Using TensorFlow backend.
[D]   Model summary
[D]     Layer type      | Output               | Param   | Name                   | Connected to                | Activ.  | Init   
[D]     --------------- + -------------------- + ------  + ---------------------  + --------------------------- + ------- + ------
[D]     Dense           | (None, 80)           | 3280    | dense_1                | dense_1_input[0][0]         | relu    | uniform
[D]     Dropout         | (None, 80)           | 0       | dropout_1              | dense_1[0][0]               | ---     | ---    
[D]     Dense           | (None, 50)           | 4050    | dense_2                | dropout_1[0][0]             | relu    | uniform
[D]     Dropout         | (None, 50)           | 0       | dropout_2              | dense_2[0][0]               | ---     | ---    
[D]     Dense           | (None, 30)           | 1530    | dense_3                | dropout_2[0][0]             | relu    | uniform
[D]     Dense           | (None, 15)           | 465     | dense_4                | dense_3[0][0]               | softmax | uniform
[D]   
[D]   Parameters
[D]     Trainable	[9,325]
[D]     Non-Trainable	[0]
[D]     Total		[9,325]
[D]   
[D]   Feature vector 	[40]
[D]   Batch size 	[256]
[D]   Epochs 		[200]
2017-11-28 21:40:37.312728: I tensorflow/core/platform/cpu_feature_guard.cc:137] Your CPU supports instructions that this TensorFlow binary was not compiled to use: SSE4.1 SSE4.2 AVX
2017-11-28 21:40:37.559995: I tensorflow/core/common_runtime/gpu/gpu_device.cc:1030] Found device 0 with properties: 
name: Tesla K20m major: 3 minor: 5 memoryClockRate(GHz): 0.758
pciBusID: 0000:03:00.0
totalMemory: 4.66GiB freeMemory: 4.59GiB
2017-11-28 21:40:37.747845: I tensorflow/core/common_runtime/gpu/gpu_device.cc:1030] Found device 1 with properties: 
name: Tesla K20m major: 3 minor: 5 memoryClockRate(GHz): 0.758
pciBusID: 0000:83:00.0
totalMemory: 4.66GiB freeMemory: 4.59GiB
2017-11-28 21:40:37.747926: I tensorflow/core/common_runtime/gpu/gpu_device.cc:1045] Device peer to peer matrix
2017-11-28 21:40:37.747953: I tensorflow/core/common_runtime/gpu/gpu_device.cc:1051] DMA: 0 1 
2017-11-28 21:40:37.747974: I tensorflow/core/common_runtime/gpu/gpu_device.cc:1061] 0:   Y N 
2017-11-28 21:40:37.747981: I tensorflow/core/common_runtime/gpu/gpu_device.cc:1061] 1:   N Y 
2017-11-28 21:40:37.747996: I tensorflow/core/common_runtime/gpu/gpu_device.cc:1120] Creating TensorFlow device (/device:GPU:0) -> (device: 0, name: Tesla K20m, pci bus id: 0000:03:00.0, compute capability: 3.5)
2017-11-28 21:40:37.748004: I tensorflow/core/common_runtime/gpu/gpu_device.cc:1120] Creating TensorFlow device (/device:GPU:1) -> (device: 1, name: Tesla K20m, pci bus id: 0000:83:00.0, compute capability: 3.5)
[D]   Validation set statistics
[D]   Scene label          | Validation amount (%) 
[D]   -------------------- + -------------------- 
[D]   beach                | 11.54 
[D]   bus                  | 10.26 
[D]   cafe/restaurant      | 11.54 
[D]   car                  | 10.26 
[D]   city_center          | 12.82 
[D]   forest_path          | 10.26 
[D]   grocery_store        | 11.54 
[D]   home                 | 10.39 
[D]   library              | 15.38 
[D]   metro_station        | 10.26 
[D]   office               | 10.26 
[D]   park                 | 11.54 
[D]   residential_area     | 11.54 
[D]   train                | 10.26 
[D]   tram                 | 10.26 
[D]   
[D]   Training items 	[1560114]
[D]   Validation items 	[196893]
[D]   Keras
[D]     Backend 	[tensorflow]
[D]     BLAS library	[MKL]		(Threads[4], MKL_CBWR[COMPATIBLE])
[D]   Tensorflow
[D]     Device 		[gpu]
[D]   
[D]   Model summary
[D]     Layer type      | Output               | Param   | Name                   | Connected to                | Activ.  | Init   
[D]     --------------- + -------------------- + ------  + ---------------------  + --------------------------- + ------- + ------
[D]     Dense           | (None, 80)           | 3280    | dense_5                | dense_5_input[0][0]         | relu    | uniform
[D]     Dropout         | (None, 80)           | 0       | dropout_3              | dense_5[0][0]               | ---     | ---    
[D]     Dense           | (None, 50)           | 4050    | dense_6                | dropout_3[0][0]             | relu    | uniform
[D]     Dropout         | (None, 50)           | 0       | dropout_4              | dense_6[0][0]               | ---     | ---    
[D]     Dense           | (None, 30)           | 1530    | dense_7                | dropout_4[0][0]             | relu    | uniform
[D]     Dense           | (None, 15)           | 465     | dense_8                | dense_7[0][0]               | softmax | uniform
[D]   
[D]   Parameters
[D]     Trainable	[9,325]
[D]     Non-Trainable	[0]
[D]     Total		[9,325]
[D]   
[D]   Feature vector 	[40]
[D]   Batch size 	[256]
[D]   Epochs 		[200]
[D]   Validation set statistics
[D]   Scene label          | Validation amount (%) 
[D]   -------------------- + -------------------- 
[D]   beach                | 11.54 
[D]   bus                  | 10.26 
[D]   cafe/restaurant      | 11.54 
[D]   car                  | 10.26 
[D]   city_center          | 14.10 
[D]   forest_path          | 10.26 
[D]   grocery_store        | 11.54 
[D]   home                 | 10.39 
[D]   library              | 14.10 
[D]   metro_station        | 10.26 
[D]   office               | 10.26 
[D]   park                 | 11.54 
[D]   residential_area     | 11.54 
[D]   train                | 10.26 
[D]   tram                 | 10.26 
[D]   
[D]   Training items 	[1560114]
[D]   Validation items 	[196893]
[D]   Keras
[D]     Backend 	[tensorflow]
[D]     BLAS library	[MKL]		(Threads[4], MKL_CBWR[COMPATIBLE])
[D]   Tensorflow
[D]     Device 		[gpu]
[D]   
[D]   Model summary
[D]     Layer type      | Output               | Param   | Name                   | Connected to                | Activ.  | Init   
[D]     --------------- + -------------------- + ------  + ---------------------  + --------------------------- + ------- + ------
[D]     Dense           | (None, 80)           | 3280    | dense_9                | dense_9_input[0][0]         | relu    | uniform
[D]     Dropout         | (None, 80)           | 0       | dropout_5              | dense_9[0][0]               | ---     | ---    
[D]     Dense           | (None, 50)           | 4050    | dense_10               | dropout_5[0][0]             | relu    | uniform
[D]     Dropout         | (None, 50)           | 0       | dropout_6              | dense_10[0][0]              | ---     | ---    
[D]     Dense           | (None, 30)           | 1530    | dense_11               | dropout_6[0][0]             | relu    | uniform
[D]     Dense           | (None, 15)           | 465     | dense_12               | dense_11[0][0]              | softmax | uniform
[D]   
[D]   Parameters
[D]     Trainable	[9,325]
[D]     Non-Trainable	[0]
[D]     Total		[9,325]
[D]   
[D]   Feature vector 	[40]
[D]   Batch size 	[256]
[D]   Epochs 		[200]
[D]   Validation set statistics
[D]   Scene label          | Validation amount (%) 
[D]   -------------------- + -------------------- 
[D]   beach                | 11.54 
[D]   bus                  | 10.26 
[D]   cafe/restaurant      | 11.54 
[D]   car                  | 10.26 
[D]   city_center          | 14.10 
[D]   forest_path          | 10.26 
[D]   grocery_store        | 11.54 
[D]   home                 | 10.26 
[D]   library              | 14.10 
[D]   metro_station        | 10.26 
[D]   office               | 10.26 
[D]   park                 | 11.54 
[D]   residential_area     | 11.54 
[D]   train                | 10.26 
[D]   tram                 | 10.26 
[D]   
[D]   Training items 	[1561617]
[D]   Validation items 	[196893]
[D]   Keras
[D]     Backend 	[tensorflow]
[D]     BLAS library	[MKL]		(Threads[4], MKL_CBWR[COMPATIBLE])
[D]   Tensorflow
[D]     Device 		[gpu]
[D]   
[D]   Model summary
[D]     Layer type      | Output               | Param   | Name                   | Connected to                | Activ.  | Init   
[D]     --------------- + -------------------- + ------  + ---------------------  + --------------------------- + ------- + ------
[D]     Dense           | (None, 80)           | 3280    | dense_13               | dense_13_input[0][0]        | relu    | uniform
[D]     Dropout         | (None, 80)           | 0       | dropout_7              | dense_13[0][0]              | ---     | ---    
[D]     Dense           | (None, 50)           | 4050    | dense_14               | dropout_7[0][0]             | relu    | uniform
[D]     Dropout         | (None, 50)           | 0       | dropout_8              | dense_14[0][0]              | ---     | ---    
[D]     Dense           | (None, 30)           | 1530    | dense_15               | dropout_8[0][0]             | relu    | uniform
[D]     Dense           | (None, 15)           | 465     | dense_16               | dense_15[0][0]              | softmax | uniform
[D]   
[D]   Parameters
[D]     Trainable	[9,325]
[D]     Non-Trainable	[0]
[D]     Total		[9,325]
[D]   
[D]   Feature vector 	[40]
[D]   Batch size 	[256]
[D]   Epochs 		[200]
[I]   DONE     [0:31:02.038314 ] 
[I] 
[I] System testing
[I] ==================================================
[I] 
[I]   DONE     [0:01:21.751834 ] 
[I] 
[I] System evaluation [Development setup][folds]
[I] ==================================================
[I] 
[I]   File-wise evaluation, over 4 folds
[I]      Scene label          | Nref : Nsys | Accuracy |  | Fold1    | Fold2    | Fold3    | Fold4    |
[I]      =====================+======+======+==========+  +==========+==========+==========+==========+
[I]      beach                |  312 :  286 |  72.4 %  |  |  76.9 %  |  59.0 %  |  92.3 %  |  61.5 %  |
[I]      bus                  |  312 :  355 |  74.4 %  |  |  76.9 %  |  70.5 %  |  73.1 %  |  76.9 %  |
[I]      cafe/restaurant      |  312 :  346 |  58.0 %  |  |  46.2 %  |  62.8 %  |  48.7 %  |  74.4 %  |
[I]      car                  |  312 :  345 |  94.6 %  |  |  94.9 %  | 100.0 %  |  83.3 %  | 100.0 %  |
[I]      city_center          |  312 :  381 |  89.1 %  |  |  85.9 %  |  92.3 %  |  80.8 %  |  97.4 %  |
[I]      forest_path          |  312 :  340 |  73.1 %  |  |  80.8 %  |  85.9 %  |  79.5 %  |  46.2 %  |
[I]      grocery_store        |  312 :  272 |  54.2 %  |  |  79.5 %  |  43.6 %  |  66.7 %  |  26.9 %  |
[I]      home                 |  318 :  249 |  56.6 %  |  |  42.3 %  |  50.6 %  |  66.7 %  |  66.7 %  |
[I]      library              |  312 :  220 |  45.5 %  |  |  14.1 %  |  51.3 %  |  62.8 %  |  53.8 %  |
[I]      metro_station        |  312 :  387 |  89.1 %  |  |  94.9 %  |  82.1 %  |  80.8 %  |  98.7 %  |
[I]      office               |  312 :  394 |  99.4 %  |  |  98.7 %  |  98.7 %  | 100.0 %  | 100.0 %  |
[I]      park                 |  312 :  296 |  57.7 %  |  |  85.9 %  |  62.8 %  |  46.2 %  |  35.9 %  |
[I]      residential_area     |  312 :  310 |  51.9 %  |  |  48.7 %  |  48.7 %  |  62.8 %  |  47.4 %  |
[I]      train                |  312 :  140 |  36.2 %  |  |  29.5 %  |  29.5 %  |  46.2 %  |  39.7 %  |
[I]      tram                 |  312 :  365 |  72.1 %  |  |  70.5 %  |  62.8 %  |  80.8 %  |  74.4 %  |
[I]      =====================+======+======+==========+  +==========+==========+==========+==========+
[I]      Overall accuracy     | 4686 : 4686 |  68.3 %  |  |  68.4 %  |  66.7 %  |  71.4 %  |  66.7 %  |
[I]      Average class acc.   |      :      |  68.3 %  |  |  68.4 %  |  66.7 %  |  71.4 %  |  66.7 %  |
[I] 
[I]   DONE     [0:00:02.861539 ] 
[I] 
