[I] DCASE 2017::Acoustic Scene Classification / Baseline System
[I] 
[I] Initialize [Development setup][folds]
[I] ==================================================
[I] 
[I]   System              
[I]     Name                 : DCASE 2017::Acoustic Scene Classification / Baseline System
[I]     Parameter set        : B_00_4
[I]     Setup                : Python[3.6.2], Numpy[1.13.3], sklearn[0.19.1], Keras[2.1.1], Theano[0.9.0], Librosa[0.5.1]
[I]   Dataset             
[I]     Name                 : TUT-acoustic-scenes-2017-development
[I]     Active folds         : [1, 2, 3, 4]
[I]   Evaluator           
[I]     Save path            : applications/system/task1/evaluator
[I]   DONE     [0:00:00.414963 ] 
[I] 
[I] Feature extractor
[I] ==================================================
[I] 
[I]   DONE     [0:00:03.225106 ] [4680 items] 
[I] 
[I] Feature normalizer
[I] ==================================================
[I] 
[I]   DONE     [0:00:00.003756 ] 
[I] 
[I] System training
[I] ==================================================
[I] 
[D]   Validation set statistics
[D]   Scene label          | Validation amount (%) 
[D]   -------------------- + -------------------- 
[D]   beach                | 11.54 
[D]   bus                  | 10.26 
[D]   cafe/restaurant      | 11.54 
[D]   car                  | 10.26 
[D]   city_center          | 14.10 
[D]   forest_path          | 10.26 
[D]   grocery_store        | 11.54 
[D]   home                 | 10.39 
[D]   library              | 14.10 
[D]   metro_station        | 10.26 
[D]   office               | 10.26 
[D]   park                 | 11.54 
[D]   residential_area     | 11.54 
[D]   train                | 10.26 
[D]   tram                 | 10.26 
[D]   
[D]   Training items 	[1560114]
[D]   Validation items 	[196893]
[D]   Keras
[D]     Backend 	[tensorflow]
[D]     BLAS library	[MKL]		(Threads[4], MKL_CBWR[COMPATIBLE])
[D]   Tensorflow
[D]     Device 		[gpu]
[D]   
Using TensorFlow backend.
[D]   Model summary
[D]     Layer type      | Output               | Param   | Name                   | Connected to                | Activ.  | Init   
[D]     --------------- + -------------------- + ------  + ---------------------  + --------------------------- + ------- + ------
[D]     Dense           | (None, 60)           | 2460    | dense_1                | dense_1_input[0][0]         | relu    | uniform
[D]     Dropout         | (None, 60)           | 0       | dropout_1              | dense_1[0][0]               | ---     | ---    
[D]     Dense           | (None, 40)           | 2440    | dense_2                | dropout_1[0][0]             | relu    | uniform
[D]     Dropout         | (None, 40)           | 0       | dropout_2              | dense_2[0][0]               | ---     | ---    
[D]     Dense           | (None, 15)           | 615     | dense_3                | dropout_2[0][0]             | softmax | uniform
[D]   
[D]   Parameters
[D]     Trainable	[5,515]
[D]     Non-Trainable	[0]
[D]     Total		[5,515]
[D]   
[D]   Feature vector 	[40]
[D]   Batch size 	[256]
[D]   Epochs 		[200]
2017-11-28 21:28:01.747806: I tensorflow/core/platform/cpu_feature_guard.cc:137] Your CPU supports instructions that this TensorFlow binary was not compiled to use: SSE4.1 SSE4.2 AVX
2017-11-28 21:28:01.983407: I tensorflow/core/common_runtime/gpu/gpu_device.cc:1030] Found device 0 with properties: 
name: Tesla K20m major: 3 minor: 5 memoryClockRate(GHz): 0.758
pciBusID: 0000:03:00.0
totalMemory: 4.66GiB freeMemory: 4.59GiB
2017-11-28 21:28:02.170849: I tensorflow/core/common_runtime/gpu/gpu_device.cc:1030] Found device 1 with properties: 
name: Tesla K20m major: 3 minor: 5 memoryClockRate(GHz): 0.758
pciBusID: 0000:83:00.0
totalMemory: 4.66GiB freeMemory: 4.59GiB
2017-11-28 21:28:02.170935: I tensorflow/core/common_runtime/gpu/gpu_device.cc:1045] Device peer to peer matrix
2017-11-28 21:28:02.170961: I tensorflow/core/common_runtime/gpu/gpu_device.cc:1051] DMA: 0 1 
2017-11-28 21:28:02.170970: I tensorflow/core/common_runtime/gpu/gpu_device.cc:1061] 0:   Y N 
2017-11-28 21:28:02.170976: I tensorflow/core/common_runtime/gpu/gpu_device.cc:1061] 1:   N Y 
2017-11-28 21:28:02.170996: I tensorflow/core/common_runtime/gpu/gpu_device.cc:1120] Creating TensorFlow device (/device:GPU:0) -> (device: 0, name: Tesla K20m, pci bus id: 0000:03:00.0, compute capability: 3.5)
2017-11-28 21:28:02.171005: I tensorflow/core/common_runtime/gpu/gpu_device.cc:1120] Creating TensorFlow device (/device:GPU:1) -> (device: 1, name: Tesla K20m, pci bus id: 0000:83:00.0, compute capability: 3.5)
[D]   Validation set statistics
[D]   Scene label          | Validation amount (%) 
[D]   -------------------- + -------------------- 
[D]   beach                | 11.54 
[D]   bus                  | 10.26 
[D]   cafe/restaurant      | 11.54 
[D]   car                  | 10.26 
[D]   city_center          | 14.10 
[D]   forest_path          | 10.26 
[D]   grocery_store        | 11.54 
[D]   home                 | 10.26 
[D]   library              | 14.10 
[D]   metro_station        | 10.26 
[D]   office               | 10.26 
[D]   park                 | 11.54 
[D]   residential_area     | 11.54 
[D]   train                | 10.26 
[D]   tram                 | 10.26 
[D]   
[D]   Training items 	[1561617]
[D]   Validation items 	[196893]
[D]   Keras
[D]     Backend 	[tensorflow]
[D]     BLAS library	[MKL]		(Threads[4], MKL_CBWR[COMPATIBLE])
[D]   Tensorflow
[D]     Device 		[gpu]
[D]   
[D]   Model summary
[D]     Layer type      | Output               | Param   | Name                   | Connected to                | Activ.  | Init   
[D]     --------------- + -------------------- + ------  + ---------------------  + --------------------------- + ------- + ------
[D]     Dense           | (None, 60)           | 2460    | dense_4                | dense_4_input[0][0]         | relu    | uniform
[D]     Dropout         | (None, 60)           | 0       | dropout_3              | dense_4[0][0]               | ---     | ---    
[D]     Dense           | (None, 40)           | 2440    | dense_5                | dropout_3[0][0]             | relu    | uniform
[D]     Dropout         | (None, 40)           | 0       | dropout_4              | dense_5[0][0]               | ---     | ---    
[D]     Dense           | (None, 15)           | 615     | dense_6                | dropout_4[0][0]             | softmax | uniform
[D]   
[D]   Parameters
[D]     Trainable	[5,515]
[D]     Non-Trainable	[0]
[D]     Total		[5,515]
[D]   
[D]   Feature vector 	[40]
[D]   Batch size 	[256]
[D]   Epochs 		[200]
[I]   DONE     [0:14:26.234578 ] 
[I] 
[I] System testing
[I] ==================================================
[I] 
[I]   DONE     [0:01:16.560618 ] 
[I] 
[I] System evaluation [Development setup][folds]
[I] ==================================================
[I] 
[I]   File-wise evaluation, over 4 folds
[I]      Scene label          | Nref : Nsys | Accuracy |  | Fold1    | Fold2    | Fold3    | Fold4    |
[I]      =====================+======+======+==========+  +==========+==========+==========+==========+
[I]      beach                |  312 :  300 |  72.1 %  |  |  74.4 %  |  60.3 %  |  92.3 %  |  61.5 %  |
[I]      bus                  |  312 :  379 |  84.3 %  |  |  91.0 %  |  66.7 %  |  89.7 %  |  89.7 %  |
[I]      cafe/restaurant      |  312 :  346 |  59.0 %  |  |  42.3 %  |  70.5 %  |  50.0 %  |  73.1 %  |
[I]      car                  |  312 :  330 |  95.5 %  |  |  88.5 %  |  98.7 %  |  94.9 %  | 100.0 %  |
[I]      city_center          |  312 :  384 |  90.4 %  |  |  87.2 %  |  92.3 %  |  84.6 %  |  97.4 %  |
[I]      forest_path          |  312 :  325 |  76.3 %  |  |  88.5 %  |  84.6 %  |  82.1 %  |  50.0 %  |
[I]      grocery_store        |  312 :  307 |  62.2 %  |  |  82.1 %  |  50.0 %  |  78.2 %  |  38.5 %  |
[I]      home                 |  318 :  258 |  62.6 %  |  |  53.8 %  |  59.3 %  |  63.0 %  |  74.4 %  |
[I]      library              |  312 :  243 |  51.0 %  |  |  23.1 %  |  51.3 %  |  75.6 %  |  53.8 %  |
[I]      metro_station        |  312 :  352 |  87.8 %  |  |  92.3 %  |  84.6 %  |  78.2 %  |  96.2 %  |
[I]      office               |  312 :  371 |  99.0 %  |  |  98.7 %  |  98.7 %  | 100.0 %  |  98.7 %  |
[I]      park                 |  312 :  291 |  58.7 %  |  |  92.3 %  |  59.0 %  |  32.1 %  |  51.3 %  |
[I]      residential_area     |  312 :  333 |  59.9 %  |  |  52.6 %  |  59.0 %  |  67.9 %  |  60.3 %  |
[I]      train                |  312 :  127 |  33.3 %  |  |  29.5 %  |  29.5 %  |  37.2 %  |  37.2 %  |
[I]      tram                 |  312 :  340 |  73.1 %  |  |  85.9 %  |  65.4 %  |  70.5 %  |  70.5 %  |
[I]      =====================+======+======+==========+  +==========+==========+==========+==========+
[I]      Overall accuracy     | 4686 : 4686 |  71.0 %  |  |  72.1 %  |  68.6 %  |  73.1 %  |  70.2 %  |
[I]      Average class acc.   |      :      |  71.0 %  |  |  72.1 %  |  68.7 %  |  73.1 %  |  70.2 %  |
[I] 
[I]   DONE     [0:00:02.916620 ] 
[I] 
