[I] DCASE 2017::Acoustic Scene Classification / Baseline System
[I] 
[I] Initialize [Development setup][full]
[I] ==================================================
[I] 
[I]   System              
[I]     Name                 : DCASE 2017::Acoustic Scene Classification / Baseline System
[I]     Description          : DCASE2017 baseline (GPU) using DCASE2017 task 1 development dataset
[I]     Parameter set        : dcase2017_gpu
[I]     Setup                : Python[3.6.2], Numpy[1.13.3], sklearn[0.19.1], Keras[2.1.1], Theano[0.9.0], Librosa[0.5.1]
[I]   Dataset             
[I]     Name                 : TUT-acoustic-scenes-2017-development
[I]     Active folds         : [0]
[I]   Recognizer          
[I]     Save path            : ../applications/challenge_submission/task1
[I]   Evaluator           
[I]     Save path            : ../applications/system/task1/evaluator
[I]   DONE     [0:00:00.467090 ] 
[I] 
[I] Feature extractor
[I] ==================================================
[I] 
[I]   DONE     [0:00:03.251989 ] [9360 items] 
[I] 
[I] Feature normalizer
[I] ==================================================
[I] 
[I]   DONE     [0:00:00.001701 ] 
[I] 
[I] System training
[I] ==================================================
[I] 
[D]   Validation set statistics
[D]   Scene label          | Validation amount (%) 
[D]   -------------------- + -------------------- 
[D]   beach                | 9.62 
[D]   bus                  | 9.62 
[D]   cafe/restaurant      | 9.62 
[D]   car                  | 9.62 
[D]   city_center          | 9.62 
[D]   forest_path          | 9.62 
[D]   grocery_store        | 9.62 
[D]   home                 | 9.62 
[D]   library              | 10.58 
[D]   metro_station        | 9.62 
[D]   office               | 10.58 
[D]   park                 | 9.62 
[D]   residential_area     | 9.62 
[D]   train                | 9.62 
[D]   tram                 | 9.62 
[D]   
/cm/local/apps/slurm/var/spool/job18288/slurm_script: line 10: 54366 Killed                  python ../applications/task1.py -s dcase2017_gpu -m challenge >> ../results/baseline_chall.log
slurmstepd: error: Exceeded step memory limit at some point.
