[I] DCASE 2017::Acoustic Scene Classification / Baseline System
[I] 
[I] Initialize [Development setup][folds]
[I] ==================================================
[I] 
[I]   System              
[I]     Name                 : DCASE 2017::Acoustic Scene Classification / Baseline System
[I]     Parameter set        : C_0_16
[I]     Setup                : Python[3.6.2], Numpy[1.13.3], sklearn[0.19.1], Keras[2.1.1], Theano[0.9.0], Librosa[0.5.1]
[I]   Dataset             
[I]     Name                 : TUT-acoustic-scenes-2017-development
[I]     Active folds         : [1, 2, 3, 4]
[I]   Evaluator           
[I]     Save path            : ../applications/system/task1/evaluator
[I]   DONE     [0:00:00.471185 ] 
[I] 
[I] Feature extractor
[I] ==================================================
[I] 
[I]   DONE     [0:00:03.186945 ] [4680 items] 
[I] 
[I] Feature normalizer
[I] ==================================================
[I] 
[I]   DONE     [0:00:00.004955 ] 
[I] 
[I] System training
[I] ==================================================
[I] 
[D]   Validation set statistics
[D]   Scene label          | Validation amount (%) 
[D]   -------------------- + -------------------- 
[D]   beach                | 12.82 
[D]   bus                  | 10.26 
[D]   cafe/restaurant      | 12.82 
[D]   car                  | 12.82 
[D]   city_center          | 12.82 
[D]   forest_path          | 11.54 
[D]   grocery_store        | 12.82 
[D]   home                 | 15.38 
[D]   library              | 14.10 
[D]   metro_station        | 10.26 
[D]   office               | 10.26 
[D]   park                 | 14.10 
[D]   residential_area     | 12.82 
[D]   train                | 10.26 
[D]   tram                 | 12.82 
[D]   
[D]   Training items 	[1540575]
[D]   Validation items 	[217935]
[D]   Keras
[D]     Backend 	[tensorflow]
[D]     BLAS library	[MKL]		(Threads[4], MKL_CBWR[COMPATIBLE])
[D]   Tensorflow
[D]     Device 		[gpu]
[D]   
Using TensorFlow backend.
[D]   Model summary
[D]     Layer type      | Output               | Param   | Name                   | Connected to                | Activ.  | Init   
[D]     --------------- + -------------------- + ------  + ---------------------  + --------------------------- + ------- + ------
[D]     Dense           | (None, 70)           | 2870    | dense_1                | dense_1_input[0][0]         | relu    | uniform
[D]     Dropout         | (None, 70)           | 0       | dropout_1              | dense_1[0][0]               | ---     | ---    
[D]     Dense           | (None, 40)           | 2840    | dense_2                | dropout_1[0][0]             | relu    | uniform
[D]     Dropout         | (None, 40)           | 0       | dropout_2              | dense_2[0][0]               | ---     | ---    
[D]     Dense           | (None, 30)           | 1230    | dense_3                | dropout_2[0][0]             | relu    | uniform
[D]     Dropout         | (None, 30)           | 0       | dropout_3              | dense_3[0][0]               | ---     | ---    
[D]     Dense           | (None, 15)           | 465     | dense_4                | dropout_3[0][0]             | softmax | uniform
[D]   
[D]   Parameters
[D]     Trainable	[7,405]
[D]     Non-Trainable	[0]
[D]     Total		[7,405]
[D]   
[D]   Feature vector 	[40]
[D]   Batch size 	[256]
[D]   Epochs 		[200]
2017-11-29 14:28:12.944587: I tensorflow/core/platform/cpu_feature_guard.cc:137] Your CPU supports instructions that this TensorFlow binary was not compiled to use: SSE4.1 SSE4.2 AVX
2017-11-29 14:28:13.187644: I tensorflow/core/common_runtime/gpu/gpu_device.cc:1030] Found device 0 with properties: 
name: Tesla K20m major: 3 minor: 5 memoryClockRate(GHz): 0.758
pciBusID: 0000:03:00.0
totalMemory: 4.66GiB freeMemory: 4.59GiB
2017-11-29 14:28:13.376878: I tensorflow/core/common_runtime/gpu/gpu_device.cc:1030] Found device 1 with properties: 
name: Tesla K20m major: 3 minor: 5 memoryClockRate(GHz): 0.758
pciBusID: 0000:83:00.0
totalMemory: 4.66GiB freeMemory: 4.59GiB
2017-11-29 14:28:13.376964: I tensorflow/core/common_runtime/gpu/gpu_device.cc:1045] Device peer to peer matrix
2017-11-29 14:28:13.376999: I tensorflow/core/common_runtime/gpu/gpu_device.cc:1051] DMA: 0 1 
2017-11-29 14:28:13.377009: I tensorflow/core/common_runtime/gpu/gpu_device.cc:1061] 0:   Y N 
2017-11-29 14:28:13.377014: I tensorflow/core/common_runtime/gpu/gpu_device.cc:1061] 1:   N Y 
2017-11-29 14:28:13.377028: I tensorflow/core/common_runtime/gpu/gpu_device.cc:1120] Creating TensorFlow device (/device:GPU:0) -> (device: 0, name: Tesla K20m, pci bus id: 0000:03:00.0, compute capability: 3.5)
2017-11-29 14:28:13.377036: I tensorflow/core/common_runtime/gpu/gpu_device.cc:1120] Creating TensorFlow device (/device:GPU:1) -> (device: 1, name: Tesla K20m, pci bus id: 0000:83:00.0, compute capability: 3.5)
[D]   Validation set statistics
[D]   Scene label          | Validation amount (%) 
[D]   -------------------- + -------------------- 
[D]   beach                | 11.54 
[D]   bus                  | 10.26 
[D]   cafe/restaurant      | 11.54 
[D]   car                  | 10.26 
[D]   city_center          | 12.82 
[D]   forest_path          | 10.26 
[D]   grocery_store        | 11.54 
[D]   home                 | 10.39 
[D]   library              | 15.38 
[D]   metro_station        | 10.26 
[D]   office               | 10.26 
[D]   park                 | 11.54 
[D]   residential_area     | 11.54 
[D]   train                | 10.26 
[D]   tram                 | 10.26 
[D]   
[D]   Training items 	[1560114]
[D]   Validation items 	[196893]
[D]   Keras
[D]     Backend 	[tensorflow]
[D]     BLAS library	[MKL]		(Threads[4], MKL_CBWR[COMPATIBLE])
[D]   Tensorflow
[D]     Device 		[gpu]
[D]   
[D]   Model summary
[D]     Layer type      | Output               | Param   | Name                   | Connected to                | Activ.  | Init   
[D]     --------------- + -------------------- + ------  + ---------------------  + --------------------------- + ------- + ------
[D]     Dense           | (None, 70)           | 2870    | dense_5                | dense_5_input[0][0]         | relu    | uniform
[D]     Dropout         | (None, 70)           | 0       | dropout_4              | dense_5[0][0]               | ---     | ---    
[D]     Dense           | (None, 40)           | 2840    | dense_6                | dropout_4[0][0]             | relu    | uniform
[D]     Dropout         | (None, 40)           | 0       | dropout_5              | dense_6[0][0]               | ---     | ---    
[D]     Dense           | (None, 30)           | 1230    | dense_7                | dropout_5[0][0]             | relu    | uniform
[D]     Dropout         | (None, 30)           | 0       | dropout_6              | dense_7[0][0]               | ---     | ---    
[D]     Dense           | (None, 15)           | 465     | dense_8                | dropout_6[0][0]             | softmax | uniform
[D]   
[D]   Parameters
[D]     Trainable	[7,405]
[D]     Non-Trainable	[0]
[D]     Total		[7,405]
[D]   
[D]   Feature vector 	[40]
[D]   Batch size 	[256]
[D]   Epochs 		[200]
[D]   Validation set statistics
[D]   Scene label          | Validation amount (%) 
[D]   -------------------- + -------------------- 
[D]   beach                | 11.54 
[D]   bus                  | 10.26 
[D]   cafe/restaurant      | 11.54 
[D]   car                  | 10.26 
[D]   city_center          | 14.10 
[D]   forest_path          | 10.26 
[D]   grocery_store        | 11.54 
[D]   home                 | 10.39 
[D]   library              | 14.10 
[D]   metro_station        | 10.26 
[D]   office               | 10.26 
[D]   park                 | 11.54 
[D]   residential_area     | 11.54 
[D]   train                | 10.26 
[D]   tram                 | 10.26 
[D]   
[D]   Training items 	[1560114]
[D]   Validation items 	[196893]
[D]   Keras
[D]     Backend 	[tensorflow]
[D]     BLAS library	[MKL]		(Threads[4], MKL_CBWR[COMPATIBLE])
[D]   Tensorflow
[D]     Device 		[gpu]
[D]   
[D]   Model summary
[D]     Layer type      | Output               | Param   | Name                   | Connected to                | Activ.  | Init   
[D]     --------------- + -------------------- + ------  + ---------------------  + --------------------------- + ------- + ------
[D]     Dense           | (None, 70)           | 2870    | dense_9                | dense_9_input[0][0]         | relu    | uniform
[D]     Dropout         | (None, 70)           | 0       | dropout_7              | dense_9[0][0]               | ---     | ---    
[D]     Dense           | (None, 40)           | 2840    | dense_10               | dropout_7[0][0]             | relu    | uniform
[D]     Dropout         | (None, 40)           | 0       | dropout_8              | dense_10[0][0]              | ---     | ---    
[D]     Dense           | (None, 30)           | 1230    | dense_11               | dropout_8[0][0]             | relu    | uniform
[D]     Dropout         | (None, 30)           | 0       | dropout_9              | dense_11[0][0]              | ---     | ---    
[D]     Dense           | (None, 15)           | 465     | dense_12               | dropout_9[0][0]             | softmax | uniform
[D]   
[D]   Parameters
[D]     Trainable	[7,405]
[D]     Non-Trainable	[0]
[D]     Total		[7,405]
[D]   
[D]   Feature vector 	[40]
[D]   Batch size 	[256]
[D]   Epochs 		[200]
[D]   Validation set statistics
[D]   Scene label          | Validation amount (%) 
[D]   -------------------- + -------------------- 
[D]   beach                | 11.54 
[D]   bus                  | 10.26 
[D]   cafe/restaurant      | 11.54 
[D]   car                  | 10.26 
[D]   city_center          | 14.10 
[D]   forest_path          | 10.26 
[D]   grocery_store        | 11.54 
[D]   home                 | 10.26 
[D]   library              | 14.10 
[D]   metro_station        | 10.26 
[D]   office               | 10.26 
[D]   park                 | 11.54 
[D]   residential_area     | 11.54 
[D]   train                | 10.26 
[D]   tram                 | 10.26 
[D]   
[D]   Training items 	[1561617]
[D]   Validation items 	[196893]
[D]   Keras
[D]     Backend 	[tensorflow]
[D]     BLAS library	[MKL]		(Threads[4], MKL_CBWR[COMPATIBLE])
[D]   Tensorflow
[D]     Device 		[gpu]
[D]   
[D]   Model summary
[D]     Layer type      | Output               | Param   | Name                   | Connected to                | Activ.  | Init   
[D]     --------------- + -------------------- + ------  + ---------------------  + --------------------------- + ------- + ------
[D]     Dense           | (None, 70)           | 2870    | dense_13               | dense_13_input[0][0]        | relu    | uniform
[D]     Dropout         | (None, 70)           | 0       | dropout_10             | dense_13[0][0]              | ---     | ---    
[D]     Dense           | (None, 40)           | 2840    | dense_14               | dropout_10[0][0]            | relu    | uniform
[D]     Dropout         | (None, 40)           | 0       | dropout_11             | dense_14[0][0]              | ---     | ---    
[D]     Dense           | (None, 30)           | 1230    | dense_15               | dropout_11[0][0]            | relu    | uniform
[D]     Dropout         | (None, 30)           | 0       | dropout_12             | dense_15[0][0]              | ---     | ---    
[D]     Dense           | (None, 15)           | 465     | dense_16               | dropout_12[0][0]            | softmax | uniform
[D]   
[D]   Parameters
[D]     Trainable	[7,405]
[D]     Non-Trainable	[0]
[D]     Total		[7,405]
[D]   
[D]   Feature vector 	[40]
[D]   Batch size 	[256]
[D]   Epochs 		[200]
[I]   DONE     [0:39:13.929287 ] 
[I] 
[I] System testing
[I] ==================================================
[I] 
[I]   DONE     [0:01:21.162621 ] 
[I] 
[I] System evaluation [Development setup][folds]
[I] ==================================================
[I] 
[I]   File-wise evaluation, over 4 folds
[I]      Scene label          | Nref : Nsys | Accuracy |  | Fold1    | Fold2    | Fold3    | Fold4    |
[I]      =====================+======+======+==========+  +==========+==========+==========+==========+
[I]      beach                |  312 :  296 |  71.2 %  |  |  73.1 %  |  60.3 %  |  92.3 %  |  59.0 %  |
[I]      bus                  |  312 :  373 |  82.4 %  |  |  76.9 %  |  73.1 %  |  92.3 %  |  87.2 %  |
[I]      cafe/restaurant      |  312 :  363 |  60.3 %  |  |  50.0 %  |  69.2 %  |  50.0 %  |  71.8 %  |
[I]      car                  |  312 :  338 |  95.2 %  |  |  93.6 %  |  98.7 %  |  88.5 %  | 100.0 %  |
[I]      city_center          |  312 :  418 |  91.3 %  |  |  92.3 %  |  91.0 %  |  84.6 %  |  97.4 %  |
[I]      forest_path          |  312 :  323 |  78.5 %  |  |  85.9 %  |  92.3 %  |  84.6 %  |  51.3 %  |
[I]      grocery_store        |  312 :  273 |  57.4 %  |  |  76.9 %  |  53.8 %  |  67.9 %  |  30.8 %  |
[I]      home                 |  318 :  244 |  59.1 %  |  |  56.4 %  |  59.3 %  |  59.3 %  |  61.5 %  |
[I]      library              |  312 :  246 |  48.1 %  |  |  23.1 %  |  50.0 %  |  65.4 %  |  53.8 %  |
[I]      metro_station        |  312 :  357 |  87.2 %  |  |  88.5 %  |  83.3 %  |  79.5 %  |  97.4 %  |
[I]      office               |  312 :  370 |  97.8 %  |  |  98.7 %  |  97.4 %  | 100.0 %  |  94.9 %  |
[I]      park                 |  312 :  313 |  65.1 %  |  |  91.0 %  |  64.1 %  |  60.3 %  |  44.9 %  |
[I]      residential_area     |  312 :  310 |  55.1 %  |  |  51.3 %  |  57.7 %  |  62.8 %  |  48.7 %  |
[I]      train                |  312 :  134 |  34.9 %  |  |  29.5 %  |  28.2 %  |  44.9 %  |  37.2 %  |
[I]      tram                 |  312 :  328 |  71.5 %  |  |  87.2 %  |  57.7 %  |  69.2 %  |  71.8 %  |
[I]      =====================+======+======+==========+  +==========+==========+==========+==========+
[I]      Overall accuracy     | 4686 : 4686 |  70.3 %  |  |  71.6 %  |  69.1 %  |  73.4 %  |  67.2 %  |
[I]      Average class acc.   |      :      |  70.3 %  |  |  71.6 %  |  69.1 %  |  73.4 %  |  67.2 %  |
[I] 
[I]   DONE     [0:00:02.938393 ] 
[I] 
