[I] DCASE 2017::Acoustic Scene Classification / Baseline System
[I] 
[I] Initialize [Development setup][folds]
[I] ==================================================
[I] 
[I]   System              
[I]     Name                 : DCASE 2017::Acoustic Scene Classification / Baseline System
[I]     Parameter set        : C_0_05
[I]     Setup                : Python[3.6.2], Numpy[1.13.3], sklearn[0.19.1], Keras[2.1.1], Theano[0.9.0], Librosa[0.5.1]
[I]   Dataset             
[I]     Name                 : TUT-acoustic-scenes-2017-development
[I]     Active folds         : [1, 2, 3, 4]
[I]   Evaluator           
[I]     Save path            : ../applications/system/task1/evaluator
[I]   DONE     [0:00:00.463866 ] 
[I] 
[I] Feature extractor
[I] ==================================================
[I] 
[I]   DONE     [0:00:03.772251 ] [4680 items] 
[I] 
[I] Feature normalizer
[I] ==================================================
[I] 
[I]   DONE     [0:00:00.003819 ] 
[I] 
[I] System training
[I] ==================================================
[I] 
[D]   Validation set statistics
[D]   Scene label          | Validation amount (%) 
[D]   -------------------- + -------------------- 
[D]   beach                | 12.82 
[D]   bus                  | 10.26 
[D]   cafe/restaurant      | 12.82 
[D]   car                  | 12.82 
[D]   city_center          | 12.82 
[D]   forest_path          | 11.54 
[D]   grocery_store        | 12.82 
[D]   home                 | 15.38 
[D]   library              | 14.10 
[D]   metro_station        | 10.26 
[D]   office               | 10.26 
[D]   park                 | 14.10 
[D]   residential_area     | 12.82 
[D]   train                | 10.26 
[D]   tram                 | 12.82 
[D]   
[D]   Training items 	[1540575]
[D]   Validation items 	[217935]
[D]   Keras
[D]     Backend 	[tensorflow]
[D]     BLAS library	[MKL]		(Threads[4], MKL_CBWR[COMPATIBLE])
[D]   Tensorflow
[D]     Device 		[gpu]
[D]   
Using TensorFlow backend.
[D]   Model summary
[D]     Layer type      | Output               | Param   | Name                   | Connected to                | Activ.  | Init   
[D]     --------------- + -------------------- + ------  + ---------------------  + --------------------------- + ------- + ------
[D]     Dense           | (None, 50)           | 2050    | dense_1                | dense_1_input[0][0]         | relu    | uniform
[D]     Dropout         | (None, 50)           | 0       | dropout_1              | dense_1[0][0]               | ---     | ---    
[D]     Dense           | (None, 40)           | 2040    | dense_2                | dropout_1[0][0]             | relu    | uniform
[D]     Dropout         | (None, 40)           | 0       | dropout_2              | dense_2[0][0]               | ---     | ---    
[D]     Dense           | (None, 15)           | 615     | dense_3                | dropout_2[0][0]             | softmax | uniform
[D]   
[D]   Parameters
[D]     Trainable	[4,705]
[D]     Non-Trainable	[0]
[D]     Total		[4,705]
[D]   
[D]   Feature vector 	[40]
[D]   Batch size 	[256]
[D]   Epochs 		[200]
2017-11-29 12:49:12.468187: I tensorflow/core/platform/cpu_feature_guard.cc:137] Your CPU supports instructions that this TensorFlow binary was not compiled to use: SSE4.1 SSE4.2 AVX
2017-11-29 12:49:12.709409: I tensorflow/core/common_runtime/gpu/gpu_device.cc:1030] Found device 0 with properties: 
name: Tesla K20m major: 3 minor: 5 memoryClockRate(GHz): 0.758
pciBusID: 0000:03:00.0
totalMemory: 4.66GiB freeMemory: 4.59GiB
2017-11-29 12:49:12.894334: I tensorflow/core/common_runtime/gpu/gpu_device.cc:1030] Found device 1 with properties: 
name: Tesla K20m major: 3 minor: 5 memoryClockRate(GHz): 0.758
pciBusID: 0000:83:00.0
totalMemory: 4.66GiB freeMemory: 4.59GiB
2017-11-29 12:49:12.894419: I tensorflow/core/common_runtime/gpu/gpu_device.cc:1045] Device peer to peer matrix
2017-11-29 12:49:12.894447: I tensorflow/core/common_runtime/gpu/gpu_device.cc:1051] DMA: 0 1 
2017-11-29 12:49:12.894457: I tensorflow/core/common_runtime/gpu/gpu_device.cc:1061] 0:   Y N 
2017-11-29 12:49:12.894463: I tensorflow/core/common_runtime/gpu/gpu_device.cc:1061] 1:   N Y 
2017-11-29 12:49:12.894484: I tensorflow/core/common_runtime/gpu/gpu_device.cc:1120] Creating TensorFlow device (/device:GPU:0) -> (device: 0, name: Tesla K20m, pci bus id: 0000:03:00.0, compute capability: 3.5)
2017-11-29 12:49:12.894493: I tensorflow/core/common_runtime/gpu/gpu_device.cc:1120] Creating TensorFlow device (/device:GPU:1) -> (device: 1, name: Tesla K20m, pci bus id: 0000:83:00.0, compute capability: 3.5)
[D]   Validation set statistics
[D]   Scene label          | Validation amount (%) 
[D]   -------------------- + -------------------- 
[D]   beach                | 11.54 
[D]   bus                  | 10.26 
[D]   cafe/restaurant      | 11.54 
[D]   car                  | 10.26 
[D]   city_center          | 12.82 
[D]   forest_path          | 10.26 
[D]   grocery_store        | 11.54 
[D]   home                 | 10.39 
[D]   library              | 15.38 
[D]   metro_station        | 10.26 
[D]   office               | 10.26 
[D]   park                 | 11.54 
[D]   residential_area     | 11.54 
[D]   train                | 10.26 
[D]   tram                 | 10.26 
[D]   
[D]   Training items 	[1560114]
[D]   Validation items 	[196893]
[D]   Keras
[D]     Backend 	[tensorflow]
[D]     BLAS library	[MKL]		(Threads[4], MKL_CBWR[COMPATIBLE])
[D]   Tensorflow
[D]     Device 		[gpu]
[D]   
[D]   Model summary
[D]     Layer type      | Output               | Param   | Name                   | Connected to                | Activ.  | Init   
[D]     --------------- + -------------------- + ------  + ---------------------  + --------------------------- + ------- + ------
[D]     Dense           | (None, 50)           | 2050    | dense_4                | dense_4_input[0][0]         | relu    | uniform
[D]     Dropout         | (None, 50)           | 0       | dropout_3              | dense_4[0][0]               | ---     | ---    
[D]     Dense           | (None, 40)           | 2040    | dense_5                | dropout_3[0][0]             | relu    | uniform
[D]     Dropout         | (None, 40)           | 0       | dropout_4              | dense_5[0][0]               | ---     | ---    
[D]     Dense           | (None, 15)           | 615     | dense_6                | dropout_4[0][0]             | softmax | uniform
[D]   
[D]   Parameters
[D]     Trainable	[4,705]
[D]     Non-Trainable	[0]
[D]     Total		[4,705]
[D]   
[D]   Feature vector 	[40]
[D]   Batch size 	[256]
[D]   Epochs 		[200]
[D]   Validation set statistics
[D]   Scene label          | Validation amount (%) 
[D]   -------------------- + -------------------- 
[D]   beach                | 11.54 
[D]   bus                  | 10.26 
[D]   cafe/restaurant      | 11.54 
[D]   car                  | 10.26 
[D]   city_center          | 14.10 
[D]   forest_path          | 10.26 
[D]   grocery_store        | 11.54 
[D]   home                 | 10.39 
[D]   library              | 14.10 
[D]   metro_station        | 10.26 
[D]   office               | 10.26 
[D]   park                 | 11.54 
[D]   residential_area     | 11.54 
[D]   train                | 10.26 
[D]   tram                 | 10.26 
[D]   
[D]   Training items 	[1560114]
[D]   Validation items 	[196893]
[D]   Keras
[D]     Backend 	[tensorflow]
[D]     BLAS library	[MKL]		(Threads[4], MKL_CBWR[COMPATIBLE])
[D]   Tensorflow
[D]     Device 		[gpu]
[D]   
[D]   Model summary
[D]     Layer type      | Output               | Param   | Name                   | Connected to                | Activ.  | Init   
[D]     --------------- + -------------------- + ------  + ---------------------  + --------------------------- + ------- + ------
[D]     Dense           | (None, 50)           | 2050    | dense_7                | dense_7_input[0][0]         | relu    | uniform
[D]     Dropout         | (None, 50)           | 0       | dropout_5              | dense_7[0][0]               | ---     | ---    
[D]     Dense           | (None, 40)           | 2040    | dense_8                | dropout_5[0][0]             | relu    | uniform
[D]     Dropout         | (None, 40)           | 0       | dropout_6              | dense_8[0][0]               | ---     | ---    
[D]     Dense           | (None, 15)           | 615     | dense_9                | dropout_6[0][0]             | softmax | uniform
[D]   
[D]   Parameters
[D]     Trainable	[4,705]
[D]     Non-Trainable	[0]
[D]     Total		[4,705]
[D]   
[D]   Feature vector 	[40]
[D]   Batch size 	[256]
[D]   Epochs 		[200]
[D]   Validation set statistics
[D]   Scene label          | Validation amount (%) 
[D]   -------------------- + -------------------- 
[D]   beach                | 11.54 
[D]   bus                  | 10.26 
[D]   cafe/restaurant      | 11.54 
[D]   car                  | 10.26 
[D]   city_center          | 14.10 
[D]   forest_path          | 10.26 
[D]   grocery_store        | 11.54 
[D]   home                 | 10.26 
[D]   library              | 14.10 
[D]   metro_station        | 10.26 
[D]   office               | 10.26 
[D]   park                 | 11.54 
[D]   residential_area     | 11.54 
[D]   train                | 10.26 
[D]   tram                 | 10.26 
[D]   
[D]   Training items 	[1561617]
[D]   Validation items 	[196893]
[D]   Keras
[D]     Backend 	[tensorflow]
[D]     BLAS library	[MKL]		(Threads[4], MKL_CBWR[COMPATIBLE])
[D]   Tensorflow
[D]     Device 		[gpu]
[D]   
[D]   Model summary
[D]     Layer type      | Output               | Param   | Name                   | Connected to                | Activ.  | Init   
[D]     --------------- + -------------------- + ------  + ---------------------  + --------------------------- + ------- + ------
[D]     Dense           | (None, 50)           | 2050    | dense_10               | dense_10_input[0][0]        | relu    | uniform
[D]     Dropout         | (None, 50)           | 0       | dropout_7              | dense_10[0][0]              | ---     | ---    
[D]     Dense           | (None, 40)           | 2040    | dense_11               | dropout_7[0][0]             | relu    | uniform
[D]     Dropout         | (None, 40)           | 0       | dropout_8              | dense_11[0][0]              | ---     | ---    
[D]     Dense           | (None, 15)           | 615     | dense_12               | dropout_8[0][0]             | softmax | uniform
[D]   
[D]   Parameters
[D]     Trainable	[4,705]
[D]     Non-Trainable	[0]
[D]     Total		[4,705]
[D]   
[D]   Feature vector 	[40]
[D]   Batch size 	[256]
[D]   Epochs 		[200]
[I]   DONE     [0:23:18.316480 ] 
[I] 
[I] System testing
[I] ==================================================
[I] 
[I]   DONE     [0:01:17.531935 ] 
[I] 
[I] System evaluation [Development setup][folds]
[I] ==================================================
[I] 
[I]   File-wise evaluation, over 4 folds
[I]      Scene label          | Nref : Nsys | Accuracy |  | Fold1    | Fold2    | Fold3    | Fold4    |
[I]      =====================+======+======+==========+  +==========+==========+==========+==========+
[I]      beach                |  312 :  285 |  74.7 %  |  |  79.5 %  |  64.1 %  |  93.6 %  |  61.5 %  |
[I]      bus                  |  312 :  390 |  81.4 %  |  |  79.5 %  |  80.8 %  |  89.7 %  |  75.6 %  |
[I]      cafe/restaurant      |  312 :  351 |  62.2 %  |  |  44.9 %  |  69.2 %  |  60.3 %  |  74.4 %  |
[I]      car                  |  312 :  339 |  96.5 %  |  |  94.9 %  | 100.0 %  |  91.0 %  | 100.0 %  |
[I]      city_center          |  312 :  390 |  88.5 %  |  |  87.2 %  |  89.7 %  |  79.5 %  |  97.4 %  |
[I]      forest_path          |  312 :  324 |  80.4 %  |  |  89.7 %  |  93.6 %  |  85.9 %  |  52.6 %  |
[I]      grocery_store        |  312 :  257 |  55.1 %  |  |  76.9 %  |  44.9 %  |  70.5 %  |  28.2 %  |
[I]      home                 |  318 :  289 |  64.5 %  |  |  52.6 %  |  61.7 %  |  65.4 %  |  78.2 %  |
[I]      library              |  312 :  233 |  45.8 %  |  |  12.8 %  |  46.2 %  |  71.8 %  |  52.6 %  |
[I]      metro_station        |  312 :  390 |  90.1 %  |  |  93.6 %  |  94.9 %  |  76.9 %  |  94.9 %  |
[I]      office               |  312 :  378 |  97.8 %  |  |  98.7 %  |  98.7 %  | 100.0 %  |  93.6 %  |
[I]      park                 |  312 :  274 |  55.8 %  |  |  76.9 %  |  61.5 %  |  43.6 %  |  41.0 %  |
[I]      residential_area     |  312 :  348 |  59.6 %  |  |  56.4 %  |  56.4 %  |  69.2 %  |  56.4 %  |
[I]      train                |  312 :  146 |  34.6 %  |  |  30.8 %  |  29.5 %  |  41.0 %  |  37.2 %  |
[I]      tram                 |  312 :  292 |  67.3 %  |  |  82.1 %  |  56.4 %  |  52.6 %  |  78.2 %  |
[I]      =====================+======+======+==========+  +==========+==========+==========+==========+
[I]      Overall accuracy     | 4686 : 4686 |  70.3 %  |  |  70.4 %  |  69.8 %  |  72.7 %  |  68.1 %  |
[I]      Average class acc.   |      :      |  70.3 %  |  |  70.4 %  |  69.8 %  |  72.7 %  |  68.1 %  |
[I] 
[I]   DONE     [0:00:02.830836 ] 
[I] 
