[I] DCASE 2017::Acoustic Scene Classification / Baseline System
[I] 
[I] Initialize [Development setup][folds]
[I] ==================================================
[I] 
[I]   System              
[I]     Name                 : DCASE 2017::Acoustic Scene Classification / Baseline System
[I]     Parameter set        : C_0_02
[I]     Setup                : Python[3.6.2], Numpy[1.13.3], sklearn[0.19.1], Keras[2.1.1], Theano[0.9.0], Librosa[0.5.1]
[I]   Dataset             
[I]     Name                 : TUT-acoustic-scenes-2017-development
[I]     Active folds         : [1, 2, 3, 4]
[I]   Evaluator           
[I]     Save path            : ../applications/system/task1/evaluator
[I]   DONE     [0:00:00.447859 ] 
[I] 
[I] Feature extractor
[I] ==================================================
[I] 
[I]   DONE     [0:00:04.029030 ] [4680 items] 
[I] 
[I] Feature normalizer
[I] ==================================================
[I] 
[I]   DONE     [0:00:00.003555 ] 
[I] 
[I] System training
[I] ==================================================
[I] 
[I]   DONE     [0:00:00.003811 ] 
[I] 
[I] System testing
[I] ==================================================
[I] 
[I]   DONE     [0:00:00.004227 ] 
[I] 
[I] System evaluation [Development setup][folds]
[I] ==================================================
[I] 
[I]   File-wise evaluation, over 4 folds
[I]      Scene label          | Nref : Nsys | Accuracy |  | Fold1    | Fold2    | Fold3    | Fold4    |
[I]      =====================+======+======+==========+  +==========+==========+==========+==========+
[I]      beach                |  312 :  296 |  72.8 %  |  |  73.1 %  |  62.8 %  |  93.6 %  |  61.5 %  |
[I]      bus                  |  312 :  452 |  88.5 %  |  |  89.7 %  |  76.9 %  |  97.4 %  |  89.7 %  |
[I]      cafe/restaurant      |  312 :  378 |  64.4 %  |  |  50.0 %  |  70.5 %  |  61.5 %  |  75.6 %  |
[I]      car                  |  312 :  312 |  86.9 %  |  |  94.9 %  | 100.0 %  |  52.6 %  | 100.0 %  |
[I]      city_center          |  312 :  420 |  90.4 %  |  |  91.0 %  |  91.0 %  |  83.3 %  |  96.2 %  |
[I]      forest_path          |  312 :  365 |  79.8 %  |  |  89.7 %  |  96.2 %  |  85.9 %  |  47.4 %  |
[I]      grocery_store        |  312 :  256 |  51.0 %  |  |  71.8 %  |  37.2 %  |  64.1 %  |  30.8 %  |
[I]      home                 |  318 :  207 |  51.9 %  |  |  34.6 %  |  49.4 %  |  55.6 %  |  67.9 %  |
[I]      library              |  312 :  244 |  49.4 %  |  |  23.1 %  |  41.0 %  |  79.5 %  |  53.8 %  |
[I]      metro_station        |  312 :  388 |  89.7 %  |  |  84.6 %  |  97.4 %  |  80.8 %  |  96.2 %  |
[I]      office               |  312 :  380 |  99.4 %  |  |  98.7 %  |  98.7 %  | 100.0 %  | 100.0 %  |
[I]      park                 |  312 :  280 |  57.1 %  |  |  87.2 %  |  59.0 %  |  42.3 %  |  39.7 %  |
[I]      residential_area     |  312 :  319 |  56.4 %  |  |  48.7 %  |  56.4 %  |  66.7 %  |  53.8 %  |
[I]      train                |  312 :   76 |  23.1 %  |  |  16.7 %  |  26.9 %  |  15.4 %  |  33.3 %  |
[I]      tram                 |  312 :  313 |  68.3 %  |  |  75.6 %  |  62.8 %  |  64.1 %  |  70.5 %  |
[I]      =====================+======+======+==========+  +==========+==========+==========+==========+
[I]      Overall accuracy     | 4686 : 4686 |  68.6 %  |  |  68.6 %  |  68.4 %  |  69.5 %  |  67.8 %  |
[I]      Average class acc.   |      :      |  68.6 %  |  |  68.6 %  |  68.4 %  |  69.5 %  |  67.8 %  |
[I] 
[I]   DONE     [0:00:02.891961 ] 
[I] 
