[I] DCASE 2017::Acoustic Scene Classification / Baseline System
[I] 
[I] Initialize [Development setup][full]
[I] ==================================================
[I] 
[I]   System              
[I]     Name                 : DCASE 2017::Acoustic Scene Classification / Baseline System
[I]     Parameter set        : C_0_04
[I]     Setup                : Python[3.6.2], Numpy[1.13.3], sklearn[0.19.1], Keras[2.1.1], Theano[0.9.0], Librosa[0.5.1]
[I]   Dataset             
[I]     Name                 : TUT-acoustic-scenes-2017-development
[I]     Active folds         : [0]
[I]   Recognizer          
[I]     Save path            : ../applications/challenge_submission/task1
[I]   Evaluator           
[I]     Save path            : ../applications/system/task1/evaluator
[I]   DONE     [0:00:00.446026 ] 
[I] 
[I] Feature extractor
[I] ==================================================
[I] 
Traceback (most recent call last):
  File "../applications/task1.py", line 290, in <module>
    sys.exit(main(sys.argv))
  File "../applications/task1.py", line 214, in main
    app.feature_extraction()
  File "/home/student030/vcwu/rbe595/proj/DCASE2017-baseline-system/dcase_framework/decorators.py", line 38, in function_wrapper
    to_return = func(*args, **kwargs)
  File "/home/student030/vcwu/rbe595/proj/DCASE2017-baseline-system/dcase_framework/application_core.py", line 646, in feature_extraction
    storage_paths=current_feature_files
  File "/home/student030/vcwu/rbe595/proj/DCASE2017-baseline-system/dcase_framework/features.py", line 783, in extract
    data = extractor_func(data=data, params=current_extractor_params)
  File "/home/student030/vcwu/rbe595/proj/DCASE2017-baseline-system/dcase_framework/features.py", line 863, in _mel
    window=window
  File "/home/student030/vcwu/rbe595/proj/DCASE2017-baseline-system/dcase_framework/features.py", line 1153, in _spectrogram
    window=window))
  File "/home/student030/anaconda3_redux/envs/dlnn_gpu/lib/python3.6/site-packages/librosa/core/spectrum.py", line 152, in stft
    fft_window = util.pad_center(fft_window, n_fft)
  File "/home/student030/anaconda3_redux/envs/dlnn_gpu/lib/python3.6/site-packages/librosa/util/utils.py", line 287, in pad_center
    'at least input size ({:d})').format(size, n))
librosa.util.exceptions.ParameterError: Target size (2048) must be at least input size (3528)
