[I] DCASE 2017::Acoustic Scene Classification / Baseline System
[I] 
[I] Initialize [Development setup][folds]
[I] ==================================================
[I] 
[I]   System              
[I]     Name                 : DCASE 2017::Acoustic Scene Classification / Baseline System
[I]     Parameter set        : C_0_09
[I]     Setup                : Python[3.6.2], Numpy[1.13.3], sklearn[0.19.1], Keras[2.1.1], Theano[0.9.0], Librosa[0.5.1]
[I]   Dataset             
[I]     Name                 : TUT-acoustic-scenes-2017-development
[I]     Active folds         : [1, 2, 3, 4]
[I]   Evaluator           
[I]     Save path            : ../applications/system/task1/evaluator
[I]   DONE     [0:00:00.466312 ] 
[I] 
[I] Feature extractor
[I] ==================================================
[I] 
[I]   DONE     [0:00:09.459317 ] [4680 items] 
[I] 
[I] Feature normalizer
[I] ==================================================
[I] 
[I]   DONE     [0:00:00.008813 ] 
[I] 
[I] System training
[I] ==================================================
[I] 
[I]   DONE     [0:00:00.003121 ] 
[I] 
[I] System testing
[I] ==================================================
[I] 
[I]   DONE     [0:00:00.002938 ] 
[I] 
[I] System evaluation [Development setup][folds]
[I] ==================================================
[I] 
[I]   File-wise evaluation, over 4 folds
[I]      Scene label          | Nref : Nsys | Accuracy |  | Fold1    | Fold2    | Fold3    | Fold4    |
[I]      =====================+======+======+==========+  +==========+==========+==========+==========+
[I]      beach                |  312 :  304 |  80.8 %  |  |  83.3 %  |  79.5 %  |  98.7 %  |  61.5 %  |
[I]      bus                  |  312 :  360 |  89.1 %  |  |  88.5 %  |  82.1 %  |  93.6 %  |  92.3 %  |
[I]      cafe/restaurant      |  312 :  378 |  71.5 %  |  |  61.5 %  |  82.1 %  |  67.9 %  |  74.4 %  |
[I]      car                  |  312 :  309 |  91.0 %  |  |  87.2 %  |  88.5 %  |  88.5 %  | 100.0 %  |
[I]      city_center          |  312 :  409 |  87.8 %  |  |  83.3 %  |  94.9 %  |  79.5 %  |  93.6 %  |
[I]      forest_path          |  312 :  303 |  84.3 %  |  |  93.6 %  |  88.5 %  |  80.8 %  |  74.4 %  |
[I]      grocery_store        |  312 :  274 |  62.5 %  |  |  85.9 %  |  59.0 %  |  64.1 %  |  41.0 %  |
[I]      home                 |  318 :  273 |  65.4 %  |  |  71.8 %  |  72.8 %  |  60.5 %  |  56.4 %  |
[I]      library              |  312 :  273 |  50.6 %  |  |  29.5 %  |  64.1 %  |  34.6 %  |  74.4 %  |
[I]      metro_station        |  312 :  353 |  83.7 %  |  |  73.1 %  |  96.2 %  |  73.1 %  |  92.3 %  |
[I]      office               |  312 :  410 |  91.7 %  |  |  98.7 %  |  93.6 %  |  97.4 %  |  76.9 %  |
[I]      park                 |  312 :  265 |  56.4 %  |  |  88.5 %  |  50.0 %  |  42.3 %  |  44.9 %  |
[I]      residential_area     |  312 :  293 |  51.9 %  |  |  44.9 %  |  42.3 %  |  65.4 %  |  55.1 %  |
[I]      train                |  312 :  121 |  31.4 %  |  |  25.6 %  |  35.9 %  |  23.1 %  |  41.0 %  |
[I]      tram                 |  312 :  361 |  73.7 %  |  |  94.9 %  |  57.7 %  |  69.2 %  |  73.1 %  |
[I]      =====================+======+======+==========+  +==========+==========+==========+==========+
[I]      Overall accuracy     | 4686 : 4686 |  71.4 %  |  |  74.0 %  |  72.5 %  |  69.2 %  |  70.1 %  |
[I]      Average class acc.   |      :      |  71.5 %  |  |  74.0 %  |  72.5 %  |  69.2 %  |  70.1 %  |
[I] 
[I]   DONE     [0:00:02.806302 ] 
[I] 
