[I] DCASE 2017::Acoustic Scene Classification / Baseline System
[I] 
[I] Initialize [Development setup][folds]
[I] ==================================================
[I] 
[I]   System              
[I]     Name                 : DCASE 2017::Acoustic Scene Classification / Baseline System
[I]     Parameter set        : C_3_08
[I]     Setup                : Python[3.6.2], Numpy[1.13.3], sklearn[0.19.1], Keras[2.1.1], Theano[0.9.0], Librosa[0.5.1]
[I]   Dataset             
[I]     Name                 : TUT-acoustic-scenes-2017-development
[I]     Active folds         : [1, 2, 3, 4]
[I]   Evaluator           
[I]     Save path            : ../applications/system/task1/evaluator
[I]   DONE     [0:00:00.431851 ] 
[I] 
[I] Feature extractor
[I] ==================================================
[I] 
[I]   DONE     [0:00:03.399268 ] [4680 items] 
[I] 
[I] Feature normalizer
[I] ==================================================
[I] 
[I]   DONE     [0:00:00.003337 ] 
[I] 
[I] System training
[I] ==================================================
[I] 
[I]   DONE     [0:00:00.002609 ] 
[I] 
[I] System testing
[I] ==================================================
[I] 
[I]   DONE     [0:00:00.002458 ] 
[I] 
[I] System evaluation [Development setup][folds]
[I] ==================================================
[I] 
[I]   File-wise evaluation, over 4 folds
[I]      Scene label          | Nref : Nsys | Accuracy |  | Fold1    | Fold2    | Fold3    | Fold4    |
[I]      =====================+======+======+==========+  +==========+==========+==========+==========+
[I]      beach                |  312 :  293 |  76.6 %  |  |  78.2 %  |  66.7 %  |  91.0 %  |  70.5 %  |
[I]      bus                  |  312 :  344 |  81.7 %  |  |  88.5 %  |  74.4 %  |  82.1 %  |  82.1 %  |
[I]      cafe/restaurant      |  312 :  320 |  63.5 %  |  |  56.4 %  |  70.5 %  |  57.7 %  |  69.2 %  |
[I]      car                  |  312 :  328 |  94.6 %  |  |  94.9 %  |  98.7 %  |  84.6 %  | 100.0 %  |
[I]      city_center          |  312 :  380 |  88.8 %  |  |  87.2 %  |  87.2 %  |  83.3 %  |  97.4 %  |
[I]      forest_path          |  312 :  302 |  79.2 %  |  |  88.5 %  |  89.7 %  |  85.9 %  |  52.6 %  |
[I]      grocery_store        |  312 :  302 |  69.6 %  |  |  78.2 %  |  64.1 %  |  67.9 %  |  67.9 %  |
[I]      home                 |  318 :  282 |  64.8 %  |  |  66.7 %  |  64.2 %  |  65.4 %  |  62.8 %  |
[I]      library              |  312 :  260 |  51.3 %  |  |  23.1 %  |  39.7 %  |  88.5 %  |  53.8 %  |
[I]      metro_station        |  312 :  361 |  88.1 %  |  |  92.3 %  |  92.3 %  |  74.4 %  |  93.6 %  |
[I]      office               |  312 :  368 |  98.7 %  |  |  98.7 %  |  98.7 %  | 100.0 %  |  97.4 %  |
[I]      park                 |  312 :  277 |  60.9 %  |  |  91.0 %  |  67.9 %  |  26.9 %  |  57.7 %  |
[I]      residential_area     |  312 :  347 |  62.8 %  |  |  51.3 %  |  60.3 %  |  70.5 %  |  69.2 %  |
[I]      train                |  312 :  163 |  43.3 %  |  |  39.7 %  |  33.3 %  |  48.7 %  |  51.3 %  |
[I]      tram                 |  312 :  359 |  79.8 %  |  |  91.0 %  |  74.4 %  |  69.2 %  |  84.6 %  |
[I]      =====================+======+======+==========+  +==========+==========+==========+==========+
[I]      Overall accuracy     | 4686 : 4686 |  73.6 %  |  |  75.0 %  |  72.1 %  |  73.1 %  |  74.0 %  |
[I]      Average class acc.   |      :      |  73.6 %  |  |  75.0 %  |  72.1 %  |  73.1 %  |  74.0 %  |
[I] 
[I]   DONE     [0:00:02.807635 ] 
[I] 
