[I] DCASE 2017::Acoustic Scene Classification / Baseline System
[I] 
[I] Initialize [Development setup][folds]
[I] ==================================================
[I] 
[I]   System              
[I]     Name                 : DCASE 2017::Acoustic Scene Classification / Baseline System
[I]     Parameter set        : C_8_14
[I]     Setup                : Python[3.6.2], Numpy[1.13.3], sklearn[0.19.1], Keras[2.1.1], Theano[0.9.0], Librosa[0.5.1]
[I]   Dataset             
[I]     Name                 : TUT-acoustic-scenes-2017-development
[I]     Active folds         : [1, 2, 3, 4]
[I]   Evaluator           
[I]     Save path            : ../applications/system/task1/evaluator
[I]   DONE     [0:00:00.480835 ] 
[I] 
[I] Feature extractor
[I] ==================================================
[I] 
[I]   DONE     [0:00:02.860186 ] [4680 items] 
[I] 
[I] Feature normalizer
[I] ==================================================
[I] 
[I]   DONE     [0:00:00.003934 ] 
[I] 
[I] System training
[I] ==================================================
[I] 
[D]   Validation set statistics
[D]   Scene label          | Validation amount (%) 
[D]   -------------------- + -------------------- 
[D]   beach                | 12.82 
[D]   bus                  | 10.26 
[D]   cafe/restaurant      | 12.82 
[D]   car                  | 12.82 
[D]   city_center          | 12.82 
[D]   forest_path          | 11.54 
[D]   grocery_store        | 12.82 
[D]   home                 | 15.38 
[D]   library              | 14.10 
[D]   metro_station        | 10.26 
[D]   office               | 10.26 
[D]   park                 | 14.10 
[D]   residential_area     | 12.82 
[D]   train                | 10.26 
[D]   tram                 | 12.82 
[D]   
[D]   Training items 	[1540575]
[D]   Validation items 	[217935]
[D]   Keras
[D]     Backend 	[tensorflow]
[D]     BLAS library	[MKL]		(Threads[4], MKL_CBWR[COMPATIBLE])
[D]   Tensorflow
[D]     Device 		[gpu]
[D]   
Using TensorFlow backend.
[D]   Model summary
[D]     Layer type      | Output               | Param   | Name                   | Connected to                | Activ.  | Init   
[D]     --------------- + -------------------- + ------  + ---------------------  + --------------------------- + ------- + ------
[D]     Dense           | (None, 70)           | 5670    | dense_1                | dense_1_input[0][0]         | relu    | uniform
[D]     Dropout         | (None, 70)           | 0       | dropout_1              | dense_1[0][0]               | ---     | ---    
[D]     Dense           | (None, 40)           | 2840    | dense_2                | dropout_1[0][0]             | relu    | uniform
[D]     Dropout         | (None, 40)           | 0       | dropout_2              | dense_2[0][0]               | ---     | ---    
[D]     Dense           | (None, 30)           | 1230    | dense_3                | dropout_2[0][0]             | relu    | uniform
[D]     Dropout         | (None, 30)           | 0       | dropout_3              | dense_3[0][0]               | ---     | ---    
[D]     Dense           | (None, 15)           | 465     | dense_4                | dropout_3[0][0]             | softmax | uniform
[D]   
[D]   Parameters
[D]     Trainable	[10,205]
[D]     Non-Trainable	[0]
[D]     Total		[10,205]
[D]   
[D]   Feature vector 	[80]
[D]   Batch size 	[256]
[D]   Epochs 		[200]
2017-11-30 19:30:18.090282: I tensorflow/core/platform/cpu_feature_guard.cc:137] Your CPU supports instructions that this TensorFlow binary was not compiled to use: SSE4.1 SSE4.2 AVX
2017-11-30 19:30:18.337488: I tensorflow/core/common_runtime/gpu/gpu_device.cc:1030] Found device 0 with properties: 
name: Tesla K20m major: 3 minor: 5 memoryClockRate(GHz): 0.758
pciBusID: 0000:03:00.0
totalMemory: 4.66GiB freeMemory: 4.59GiB
2017-11-30 19:30:18.530902: I tensorflow/core/common_runtime/gpu/gpu_device.cc:1030] Found device 1 with properties: 
name: Tesla K20m major: 3 minor: 5 memoryClockRate(GHz): 0.758
pciBusID: 0000:83:00.0
totalMemory: 4.66GiB freeMemory: 4.59GiB
2017-11-30 19:30:18.530993: I tensorflow/core/common_runtime/gpu/gpu_device.cc:1045] Device peer to peer matrix
2017-11-30 19:30:18.531026: I tensorflow/core/common_runtime/gpu/gpu_device.cc:1051] DMA: 0 1 
2017-11-30 19:30:18.531036: I tensorflow/core/common_runtime/gpu/gpu_device.cc:1061] 0:   Y N 
2017-11-30 19:30:18.531042: I tensorflow/core/common_runtime/gpu/gpu_device.cc:1061] 1:   N Y 
2017-11-30 19:30:18.531057: I tensorflow/core/common_runtime/gpu/gpu_device.cc:1120] Creating TensorFlow device (/device:GPU:0) -> (device: 0, name: Tesla K20m, pci bus id: 0000:03:00.0, compute capability: 3.5)
2017-11-30 19:30:18.531065: I tensorflow/core/common_runtime/gpu/gpu_device.cc:1120] Creating TensorFlow device (/device:GPU:1) -> (device: 1, name: Tesla K20m, pci bus id: 0000:83:00.0, compute capability: 3.5)
[D]   Validation set statistics
[D]   Scene label          | Validation amount (%) 
[D]   -------------------- + -------------------- 
[D]   beach                | 11.54 
[D]   bus                  | 10.26 
[D]   cafe/restaurant      | 11.54 
[D]   car                  | 10.26 
[D]   city_center          | 12.82 
[D]   forest_path          | 10.26 
[D]   grocery_store        | 11.54 
[D]   home                 | 10.39 
[D]   library              | 15.38 
[D]   metro_station        | 10.26 
[D]   office               | 10.26 
[D]   park                 | 11.54 
[D]   residential_area     | 11.54 
[D]   train                | 10.26 
[D]   tram                 | 10.26 
[D]   
[D]   Training items 	[1560114]
[D]   Validation items 	[196893]
[D]   Keras
[D]     Backend 	[tensorflow]
[D]     BLAS library	[MKL]		(Threads[4], MKL_CBWR[COMPATIBLE])
[D]   Tensorflow
[D]     Device 		[gpu]
[D]   
[D]   Model summary
[D]     Layer type      | Output               | Param   | Name                   | Connected to                | Activ.  | Init   
[D]     --------------- + -------------------- + ------  + ---------------------  + --------------------------- + ------- + ------
[D]     Dense           | (None, 70)           | 5670    | dense_5                | dense_5_input[0][0]         | relu    | uniform
[D]     Dropout         | (None, 70)           | 0       | dropout_4              | dense_5[0][0]               | ---     | ---    
[D]     Dense           | (None, 40)           | 2840    | dense_6                | dropout_4[0][0]             | relu    | uniform
[D]     Dropout         | (None, 40)           | 0       | dropout_5              | dense_6[0][0]               | ---     | ---    
[D]     Dense           | (None, 30)           | 1230    | dense_7                | dropout_5[0][0]             | relu    | uniform
[D]     Dropout         | (None, 30)           | 0       | dropout_6              | dense_7[0][0]               | ---     | ---    
[D]     Dense           | (None, 15)           | 465     | dense_8                | dropout_6[0][0]             | softmax | uniform
[D]   
[D]   Parameters
[D]     Trainable	[10,205]
[D]     Non-Trainable	[0]
[D]     Total		[10,205]
[D]   
[D]   Feature vector 	[80]
[D]   Batch size 	[256]
[D]   Epochs 		[200]
[D]   Validation set statistics
[D]   Scene label          | Validation amount (%) 
[D]   -------------------- + -------------------- 
[D]   beach                | 11.54 
[D]   bus                  | 10.26 
[D]   cafe/restaurant      | 11.54 
[D]   car                  | 10.26 
[D]   city_center          | 14.10 
[D]   forest_path          | 10.26 
[D]   grocery_store        | 11.54 
[D]   home                 | 10.39 
[D]   library              | 14.10 
[D]   metro_station        | 10.26 
[D]   office               | 10.26 
[D]   park                 | 11.54 
[D]   residential_area     | 11.54 
[D]   train                | 10.26 
[D]   tram                 | 10.26 
[D]   
[D]   Training items 	[1560114]
[D]   Validation items 	[196893]
[D]   Keras
[D]     Backend 	[tensorflow]
[D]     BLAS library	[MKL]		(Threads[4], MKL_CBWR[COMPATIBLE])
[D]   Tensorflow
[D]     Device 		[gpu]
[D]   
[D]   Model summary
[D]     Layer type      | Output               | Param   | Name                   | Connected to                | Activ.  | Init   
[D]     --------------- + -------------------- + ------  + ---------------------  + --------------------------- + ------- + ------
[D]     Dense           | (None, 70)           | 5670    | dense_9                | dense_9_input[0][0]         | relu    | uniform
[D]     Dropout         | (None, 70)           | 0       | dropout_7              | dense_9[0][0]               | ---     | ---    
[D]     Dense           | (None, 40)           | 2840    | dense_10               | dropout_7[0][0]             | relu    | uniform
[D]     Dropout         | (None, 40)           | 0       | dropout_8              | dense_10[0][0]              | ---     | ---    
[D]     Dense           | (None, 30)           | 1230    | dense_11               | dropout_8[0][0]             | relu    | uniform
[D]     Dropout         | (None, 30)           | 0       | dropout_9              | dense_11[0][0]              | ---     | ---    
[D]     Dense           | (None, 15)           | 465     | dense_12               | dropout_9[0][0]             | softmax | uniform
[D]   
[D]   Parameters
[D]     Trainable	[10,205]
[D]     Non-Trainable	[0]
[D]     Total		[10,205]
[D]   
[D]   Feature vector 	[80]
[D]   Batch size 	[256]
[D]   Epochs 		[200]
[D]   Validation set statistics
[D]   Scene label          | Validation amount (%) 
[D]   -------------------- + -------------------- 
[D]   beach                | 11.54 
[D]   bus                  | 10.26 
[D]   cafe/restaurant      | 11.54 
[D]   car                  | 10.26 
[D]   city_center          | 14.10 
[D]   forest_path          | 10.26 
[D]   grocery_store        | 11.54 
[D]   home                 | 10.26 
[D]   library              | 14.10 
[D]   metro_station        | 10.26 
[D]   office               | 10.26 
[D]   park                 | 11.54 
[D]   residential_area     | 11.54 
[D]   train                | 10.26 
[D]   tram                 | 10.26 
[D]   
[D]   Training items 	[1561617]
[D]   Validation items 	[196893]
[D]   Keras
[D]     Backend 	[tensorflow]
[D]     BLAS library	[MKL]		(Threads[4], MKL_CBWR[COMPATIBLE])
[D]   Tensorflow
[D]     Device 		[gpu]
[D]   
[D]   Model summary
[D]     Layer type      | Output               | Param   | Name                   | Connected to                | Activ.  | Init   
[D]     --------------- + -------------------- + ------  + ---------------------  + --------------------------- + ------- + ------
[D]     Dense           | (None, 70)           | 5670    | dense_13               | dense_13_input[0][0]        | relu    | uniform
[D]     Dropout         | (None, 70)           | 0       | dropout_10             | dense_13[0][0]              | ---     | ---    
[D]     Dense           | (None, 40)           | 2840    | dense_14               | dropout_10[0][0]            | relu    | uniform
[D]     Dropout         | (None, 40)           | 0       | dropout_11             | dense_14[0][0]              | ---     | ---    
[D]     Dense           | (None, 30)           | 1230    | dense_15               | dropout_11[0][0]            | relu    | uniform
[D]     Dropout         | (None, 30)           | 0       | dropout_12             | dense_15[0][0]              | ---     | ---    
[D]     Dense           | (None, 15)           | 465     | dense_16               | dropout_12[0][0]            | softmax | uniform
[D]   
[D]   Parameters
[D]     Trainable	[10,205]
[D]     Non-Trainable	[0]
[D]     Total		[10,205]
[D]   
[D]   Feature vector 	[80]
[D]   Batch size 	[256]
[D]   Epochs 		[200]
[I]   DONE     [0:37:48.463615 ] 
[I] 
[I] System testing
[I] ==================================================
[I] 
[I]   DONE     [0:01:26.000593 ] 
[I] 
[I] System evaluation [Development setup][folds]
[I] ==================================================
[I] 
[I]   File-wise evaluation, over 4 folds
[I]      Scene label          | Nref : Nsys | Accuracy |  | Fold1    | Fold2    | Fold3    | Fold4    |
[I]      =====================+======+======+==========+  +==========+==========+==========+==========+
[I]      beach                |  312 :  316 |  78.5 %  |  |  75.6 %  |  67.9 %  |  96.2 %  |  74.4 %  |
[I]      bus                  |  312 :  340 |  77.9 %  |  |  85.9 %  |  69.2 %  |  84.6 %  |  71.8 %  |
[I]      cafe/restaurant      |  312 :  326 |  62.2 %  |  |  47.4 %  |  62.8 %  |  64.1 %  |  74.4 %  |
[I]      car                  |  312 :  340 |  97.8 %  |  |  93.6 %  | 100.0 %  |  97.4 %  | 100.0 %  |
[I]      city_center          |  312 :  357 |  85.3 %  |  |  84.6 %  |  87.2 %  |  80.8 %  |  88.5 %  |
[I]      forest_path          |  312 :  329 |  84.0 %  |  |  91.0 %  |  98.7 %  |  83.3 %  |  62.8 %  |
[I]      grocery_store        |  312 :  270 |  65.1 %  |  |  78.2 %  |  75.6 %  |  56.4 %  |  50.0 %  |
[I]      home                 |  318 :  245 |  63.2 %  |  |  56.4 %  |  59.3 %  |  64.2 %  |  73.1 %  |
[I]      library              |  312 :  265 |  61.9 %  |  |  23.1 %  |  82.1 %  |  88.5 %  |  53.8 %  |
[I]      metro_station        |  312 :  366 |  95.2 %  |  |  93.6 %  |  88.5 %  | 100.0 %  |  98.7 %  |
[I]      office               |  312 :  348 |  98.7 %  |  | 100.0 %  |  97.4 %  | 100.0 %  |  97.4 %  |
[I]      park                 |  312 :  296 |  63.8 %  |  |  83.3 %  |  70.5 %  |  53.8 %  |  47.4 %  |
[I]      residential_area     |  312 :  345 |  61.9 %  |  |  60.3 %  |  53.8 %  |  65.4 %  |  67.9 %  |
[I]      train                |  312 :  148 |  40.1 %  |  |  32.1 %  |  47.4 %  |  37.2 %  |  43.6 %  |
[I]      tram                 |  312 :  395 |  84.0 %  |  |  85.9 %  |  80.8 %  |  79.5 %  |  89.7 %  |
[I]      =====================+======+======+==========+  +==========+==========+==========+==========+
[I]      Overall accuracy     | 4686 : 4686 |  74.6 %  |  |  72.7 %  |  76.0 %  |  76.7 %  |  72.9 %  |
[I]      Average class acc.   |      :      |  74.6 %  |  |  72.7 %  |  76.1 %  |  76.8 %  |  72.9 %  |
[I] 
[I]   DONE     [0:00:02.938115 ] 
[I] 
